This is pdfTeX, Version 3.141592653-2.6-1.40.23 (MiKTeX 21.8) (preloaded format=pdflatex 2021.10.18)  8 DEC 2022 11:15
entering extended mode
**./report1.tex
(report1.tex
LaTeX2e <2021-06-01> patch level 1
L3 programming layer <2021-08-27>
(C:\Program Files\MiKTeX\tex/latex/base\book.cls
Document Class: book 2021/02/12 v1.4n Standard LaTeX document class
(C:\Program Files\MiKTeX\tex/latex/base\bk10.clo
File: bk10.clo 2021/02/12 v1.4n Standard LaTeX file (size option)
)
\c@part=\count182
\c@chapter=\count183
\c@section=\count184
\c@subsection=\count185
\c@subsubsection=\count186
\c@paragraph=\count187
\c@subparagraph=\count188
\c@figure=\count189
\c@table=\count190
\abovecaptionskip=\skip47
\belowcaptionskip=\skip48
\bibindent=\dimen138
)
(C:\Program Files\MiKTeX\tex/latex/extsizes\extsizes.sty
Package: extsizes 1996/10/08 v1.0 Non Standard LaTeX Package


Package ExtSizes Warning: It is better to use one of the extsizes classes,
 if you can.

(C:\Program Files\MiKTeX\tex/latex/extsizes\size14.clo
File: size14.clo 1999/11/11 v1.4a NON-Standard LaTeX file (size option)
))
(C:\Program Files\MiKTeX\tex/latex/amsmath\amsmath.sty
Package: amsmath 2021/04/20 v2.17j AMS math features
\@mathmargin=\skip49

For additional information on amsmath, use the `?' option.
(C:\Program Files\MiKTeX\tex/latex/amsmath\amstext.sty
Package: amstext 2000/06/29 v2.01 AMS text

(C:\Program Files\MiKTeX\tex/latex/amsmath\amsgen.sty
File: amsgen.sty 1999/11/30 v2.0 generic functions
\@emptytoks=\toks16
\ex@=\dimen139
))
(C:\Program Files\MiKTeX\tex/latex/amsmath\amsbsy.sty
Package: amsbsy 1999/11/29 v1.2d Bold Symbols
\pmbraise@=\dimen140
)
(C:\Program Files\MiKTeX\tex/latex/amsmath\amsopn.sty
Package: amsopn 2016/03/08 v2.02 operator names
)
\inf@bad=\count191
LaTeX Info: Redefining \frac on input line 234.
\uproot@=\count192
\leftroot@=\count193
LaTeX Info: Redefining \overline on input line 399.
\classnum@=\count194
\DOTSCASE@=\count195
LaTeX Info: Redefining \ldots on input line 496.
LaTeX Info: Redefining \dots on input line 499.
LaTeX Info: Redefining \cdots on input line 620.
\Mathstrutbox@=\box50
\strutbox@=\box51
\big@size=\dimen141
LaTeX Font Info:    Redeclaring font encoding OML on input line 743.
LaTeX Font Info:    Redeclaring font encoding OMS on input line 744.
\macc@depth=\count196
\c@MaxMatrixCols=\count197
\dotsspace@=\muskip16
\c@parentequation=\count198
\dspbrk@lvl=\count199
\tag@help=\toks17
\row@=\count266
\column@=\count267
\maxfields@=\count268
\andhelp@=\toks18
\eqnshift@=\dimen142
\alignsep@=\dimen143
\tagshift@=\dimen144
\tagwidth@=\dimen145
\totwidth@=\dimen146
\lineht@=\dimen147
\@envbody=\toks19
\multlinegap=\skip50
\multlinetaggap=\skip51
\mathdisplay@stack=\toks20
LaTeX Info: Redefining \[ on input line 2923.
LaTeX Info: Redefining \] on input line 2924.
)
(C:\Program Files\MiKTeX\tex/latex/amsfonts\amsfonts.sty
Package: amsfonts 2013/01/14 v3.01 Basic AMSFonts support
\symAMSa=\mathgroup4
\symAMSb=\mathgroup5
LaTeX Font Info:    Redeclaring math symbol \hbar on input line 98.
LaTeX Font Info:    Overwriting math alphabet `\mathfrak' in version `bold'
(Font)                  U/euf/m/n --> U/euf/b/n on input line 106.
)
(C:\Program Files\MiKTeX\tex/latex/amsfonts\amssymb.sty
Package: amssymb 2013/01/14 v3.01 AMS font symbols
)
(C:\Program Files\MiKTeX\tex/latex/t2\mathtext.sty
Package: mathtext 2018/04/13 v1.1 transparent text-and-math defs
LaTeX Info: Redefining \halign on input line 119.
)
(C:\Program Files\MiKTeX\tex/latex/hyperref\hyperref.sty
Package: hyperref 2021-06-07 v7.00m Hypertext links for LaTeX

(C:\Program Files\MiKTeX\tex/generic/ltxcmds\ltxcmds.sty
Package: ltxcmds 2020-05-10 v1.25 LaTeX kernel commands for general use (HO)
)
(C:\Program Files\MiKTeX\tex/generic/iftex\iftex.sty
Package: iftex 2020/03/06 v1.0d TeX engine tests
)
(C:\Program Files\MiKTeX\tex/generic/pdftexcmds\pdftexcmds.sty
Package: pdftexcmds 2020-06-27 v0.33 Utility functions of pdfTeX for LuaTeX (HO
)

(C:\Program Files\MiKTeX\tex/generic/infwarerr\infwarerr.sty
Package: infwarerr 2019/12/03 v1.5 Providing info/warning/error messages (HO)
)
Package pdftexcmds Info: \pdf@primitive is available.
Package pdftexcmds Info: \pdf@ifprimitive is available.
Package pdftexcmds Info: \pdfdraftmode found.
)
(C:\Program Files\MiKTeX\tex/latex/graphics\keyval.sty
Package: keyval 2014/10/28 v1.15 key=value parser (DPC)
\KV@toks@=\toks21
)
(C:\Program Files\MiKTeX\tex/generic/kvsetkeys\kvsetkeys.sty
Package: kvsetkeys 2019/12/15 v1.18 Key value parser (HO)
)
(C:\Program Files\MiKTeX\tex/generic/kvdefinekeys\kvdefinekeys.sty
Package: kvdefinekeys 2019-12-19 v1.6 Define keys (HO)
)
(C:\Program Files\MiKTeX\tex/generic/pdfescape\pdfescape.sty
Package: pdfescape 2019/12/09 v1.15 Implements pdfTeX's escape features (HO)
)
(C:\Program Files\MiKTeX\tex/latex/hycolor\hycolor.sty
Package: hycolor 2020-01-27 v1.10 Color options for hyperref/bookmark (HO)
)
(C:\Program Files\MiKTeX\tex/latex/letltxmacro\letltxmacro.sty
Package: letltxmacro 2019/12/03 v1.6 Let assignment for LaTeX macros (HO)
)
(C:\Program Files\MiKTeX\tex/latex/auxhook\auxhook.sty
Package: auxhook 2019-12-17 v1.6 Hooks for auxiliary files (HO)
)
(C:\Program Files\MiKTeX\tex/latex/kvoptions\kvoptions.sty
Package: kvoptions 2020-10-07 v3.14 Key value format for package options (HO)
)
\@linkdim=\dimen148
\Hy@linkcounter=\count269
\Hy@pagecounter=\count270

(C:\Program Files\MiKTeX\tex/latex/hyperref\pd1enc.def
File: pd1enc.def 2021-06-07 v7.00m Hyperref: PDFDocEncoding definition (HO)
Now handling font encoding PD1 ...
... no UTF-8 mapping file for font encoding PD1
\symPD1letters=\mathgroup6
)
(C:\Program Files\MiKTeX\tex/latex/hyperref\hyperref-langpatches.def
File: hyperref-langpatches.def 2021-06-07 v7.00m Hyperref: patches for babel la
nguages
)
(C:\Program Files\MiKTeX\tex/generic/intcalc\intcalc.sty
Package: intcalc 2019/12/15 v1.3 Expandable calculations with integers (HO)
)
(C:\Program Files\MiKTeX\tex/generic/etexcmds\etexcmds.sty
Package: etexcmds 2019/12/15 v1.7 Avoid name clashes with e-TeX commands (HO)
)
\Hy@SavedSpaceFactor=\count271

(C:\Program Files\MiKTeX\tex/latex/hyperref\puenc.def
File: puenc.def 2021-06-07 v7.00m Hyperref: PDF Unicode definition (HO)
Now handling font encoding PU ...
... no UTF-8 mapping file for font encoding PU
\symPUletters=\mathgroup7
)
Package hyperref Info: Option `unicode' set `true' on input line 4073.
Package hyperref Info: Hyper figures OFF on input line 4192.
Package hyperref Info: Link nesting OFF on input line 4197.
Package hyperref Info: Hyper index ON on input line 4200.
Package hyperref Info: Plain pages OFF on input line 4207.
Package hyperref Info: Backreferencing OFF on input line 4212.
Package hyperref Info: Implicit mode ON; LaTeX internals redefined.
Package hyperref Info: Bookmarks ON on input line 4445.
\c@Hy@tempcnt=\count272

(C:\Program Files\MiKTeX\tex/latex/url\url.sty
\Urlmuskip=\muskip17
Package: url 2013/09/16  ver 3.4  Verb mode for urls, etc.
)
LaTeX Info: Redefining \url on input line 4804.
\XeTeXLinkMargin=\dimen149

(C:\Program Files\MiKTeX\tex/generic/bitset\bitset.sty
Package: bitset 2019/12/09 v1.3 Handle bit-vector datatype (HO)

(C:\Program Files\MiKTeX\tex/generic/bigintcalc\bigintcalc.sty
Package: bigintcalc 2019/12/15 v1.5 Expandable calculations on big integers (HO
)
))
\Fld@menulength=\count273
\Field@Width=\dimen150
\Fld@charsize=\dimen151
Package hyperref Info: Hyper figures OFF on input line 6076.
Package hyperref Info: Link nesting OFF on input line 6081.
Package hyperref Info: Hyper index ON on input line 6084.
Package hyperref Info: backreferencing OFF on input line 6091.
Package hyperref Info: Link coloring OFF on input line 6096.
Package hyperref Info: Link coloring with OCG OFF on input line 6101.
Package hyperref Info: PDF/A mode OFF on input line 6106.
LaTeX Info: Redefining \ref on input line 6146.
LaTeX Info: Redefining \pageref on input line 6150.

(C:\Program Files\MiKTeX\tex/latex/base\atbegshi-ltx.sty
Package: atbegshi-ltx 2021/01/10 v1.0c Emulation of the original atbegshi
package with kernel methods
)
\Hy@abspage=\count274
\c@Item=\count275
\c@Hfootnote=\count276
)
Package hyperref Info: Driver (autodetected): hpdftex.

(C:\Program Files\MiKTeX\tex/latex/hyperref\hpdftex.def
File: hpdftex.def 2021-06-07 v7.00m Hyperref driver for pdfTeX

(C:\Program Files\MiKTeX\tex/latex/base\atveryend-ltx.sty
Package: atveryend-ltx 2020/08/19 v1.0a Emulation of the original atvery packag
e
with kernel methods
)
\Fld@listcount=\count277
\c@bookmark@seq@number=\count278

(C:\Program Files\MiKTeX\tex/latex/rerunfilecheck\rerunfilecheck.sty
Package: rerunfilecheck 2019/12/05 v1.9 Rerun checks for auxiliary files (HO)

(C:\Program Files\MiKTeX\tex/generic/uniquecounter\uniquecounter.sty
Package: uniquecounter 2019/12/15 v1.4 Provide unlimited unique counter (HO)
)
Package uniquecounter Info: New unique counter `rerunfilecheck' on input line 2
86.
)
\Hy@SectionHShift=\skip52
)
(C:\Program Files\MiKTeX\tex/latex/cmap\cmap.sty
Package: cmap 2021/02/06 v1.0j CMap support: searchable PDF
)
(C:\Program Files\MiKTeX\tex/latex/base\inputenc.sty
Package: inputenc 2021/02/14 v1.3d Input encoding file
\inpenc@prehook=\toks22
\inpenc@posthook=\toks23

(C:\Program Files\MiKTeX\tex/latex/cyrillic\cp1251.def
File: cp1251.def 2014/10/28 v1.0d Input encoding file
))
(C:\Program Files\MiKTeX\tex/generic/babel\babel.sty
Package: babel 2021/07/22 3.63 The Babel package

(C:\Program Files\MiKTeX\tex/generic/babel\babel.def
File: babel.def 2021/07/22 3.63 Babel common definitions
\babel@savecnt=\count279
\U@D=\dimen152
\l@unhyphenated=\language79

(C:\Program Files\MiKTeX\tex/generic/babel\txtbabel.def)
\bbl@readstream=\read2
)
\bbl@dirlevel=\count280

*************************************
* Local config file bblopts.cfg used
*
(C:\Program Files\MiKTeX\tex/latex/arabi\bblopts.cfg
File: bblopts.cfg 2005/09/08 v0.1 add Arabic and Farsi to "declared" options of
 babel
)
(C:\Program Files\MiKTeX\tex/latex/babel-english\english.ldf
Language: english 2017/06/06 v3.3r English support from the babel system
Package babel Info: Hyphen rules for 'canadian' set to \l@english
(babel)             (\language0). Reported on input line 102.
Package babel Info: Hyphen rules for 'australian' set to \l@ukenglish
(babel)             (\language73). Reported on input line 105.
Package babel Info: Hyphen rules for 'newzealand' set to \l@ukenglish
(babel)             (\language73). Reported on input line 108.
)
(C:\Program Files\MiKTeX\tex/latex/babel-russian\russianb.ldf
File: russianb.ldf 2021/01/10 1.3m Russian support for the Babel system
Language: russian 2020/09/09 1.3k Russian support for the Babel system


Package babel Warning: No Cyrillic font encoding has been loaded so far.
(babel)                A font encoding should be declared before babel.
(babel)                Default `T2A' encoding will be loaded  on input line 78.


(C:\Program Files\MiKTeX\tex/latex/cyrillic\t2aenc.def
File: t2aenc.def 2005/09/27 v1.0i Cyrillic encoding definition file
Now handling font encoding T2A ...
... processing UTF-8 mapping file for font encoding T2A

(C:\Program Files\MiKTeX\tex/latex/base\t2aenc.dfu
File: t2aenc.dfu 2021/01/27 v1.2l UTF-8 support for inputenc
   defining Unicode char U+00A4 (decimal 164)
   defining Unicode char U+00A7 (decimal 167)
   defining Unicode char U+00AB (decimal 171)
   defining Unicode char U+00BB (decimal 187)
   defining Unicode char U+0131 (decimal 305)
   defining Unicode char U+0237 (decimal 567)
   defining Unicode char U+0400 (decimal 1024)
   defining Unicode char U+0401 (decimal 1025)
   defining Unicode char U+0402 (decimal 1026)
   defining Unicode char U+0403 (decimal 1027)
   defining Unicode char U+0404 (decimal 1028)
   defining Unicode char U+0405 (decimal 1029)
   defining Unicode char U+0406 (decimal 1030)
   defining Unicode char U+0407 (decimal 1031)
   defining Unicode char U+0408 (decimal 1032)
   defining Unicode char U+0409 (decimal 1033)
   defining Unicode char U+040A (decimal 1034)
   defining Unicode char U+040B (decimal 1035)
   defining Unicode char U+040C (decimal 1036)
   defining Unicode char U+040D (decimal 1037)
   defining Unicode char U+040E (decimal 1038)
   defining Unicode char U+040F (decimal 1039)
   defining Unicode char U+0410 (decimal 1040)
   defining Unicode char U+0411 (decimal 1041)
   defining Unicode char U+0412 (decimal 1042)
   defining Unicode char U+0413 (decimal 1043)
   defining Unicode char U+0414 (decimal 1044)
   defining Unicode char U+0415 (decimal 1045)
   defining Unicode char U+0416 (decimal 1046)
   defining Unicode char U+0417 (decimal 1047)
   defining Unicode char U+0418 (decimal 1048)
   defining Unicode char U+0419 (decimal 1049)
   defining Unicode char U+041A (decimal 1050)
   defining Unicode char U+041B (decimal 1051)
   defining Unicode char U+041C (decimal 1052)
   defining Unicode char U+041D (decimal 1053)
   defining Unicode char U+041E (decimal 1054)
   defining Unicode char U+041F (decimal 1055)
   defining Unicode char U+0420 (decimal 1056)
   defining Unicode char U+0421 (decimal 1057)
   defining Unicode char U+0422 (decimal 1058)
   defining Unicode char U+0423 (decimal 1059)
   defining Unicode char U+0424 (decimal 1060)
   defining Unicode char U+0425 (decimal 1061)
   defining Unicode char U+0426 (decimal 1062)
   defining Unicode char U+0427 (decimal 1063)
   defining Unicode char U+0428 (decimal 1064)
   defining Unicode char U+0429 (decimal 1065)
   defining Unicode char U+042A (decimal 1066)
   defining Unicode char U+042B (decimal 1067)
   defining Unicode char U+042C (decimal 1068)
   defining Unicode char U+042D (decimal 1069)
   defining Unicode char U+042E (decimal 1070)
   defining Unicode char U+042F (decimal 1071)
   defining Unicode char U+0430 (decimal 1072)
   defining Unicode char U+0431 (decimal 1073)
   defining Unicode char U+0432 (decimal 1074)
   defining Unicode char U+0433 (decimal 1075)
   defining Unicode char U+0434 (decimal 1076)
   defining Unicode char U+0435 (decimal 1077)
   defining Unicode char U+0436 (decimal 1078)
   defining Unicode char U+0437 (decimal 1079)
   defining Unicode char U+0438 (decimal 1080)
   defining Unicode char U+0439 (decimal 1081)
   defining Unicode char U+043A (decimal 1082)
   defining Unicode char U+043B (decimal 1083)
   defining Unicode char U+043C (decimal 1084)
   defining Unicode char U+043D (decimal 1085)
   defining Unicode char U+043E (decimal 1086)
   defining Unicode char U+043F (decimal 1087)
   defining Unicode char U+0440 (decimal 1088)
   defining Unicode char U+0441 (decimal 1089)
   defining Unicode char U+0442 (decimal 1090)
   defining Unicode char U+0443 (decimal 1091)
   defining Unicode char U+0444 (decimal 1092)
   defining Unicode char U+0445 (decimal 1093)
   defining Unicode char U+0446 (decimal 1094)
   defining Unicode char U+0447 (decimal 1095)
   defining Unicode char U+0448 (decimal 1096)
   defining Unicode char U+0449 (decimal 1097)
   defining Unicode char U+044A (decimal 1098)
   defining Unicode char U+044B (decimal 1099)
   defining Unicode char U+044C (decimal 1100)
   defining Unicode char U+044D (decimal 1101)
   defining Unicode char U+044E (decimal 1102)
   defining Unicode char U+044F (decimal 1103)
   defining Unicode char U+0450 (decimal 1104)
   defining Unicode char U+0451 (decimal 1105)
   defining Unicode char U+0452 (decimal 1106)
   defining Unicode char U+0453 (decimal 1107)
   defining Unicode char U+0454 (decimal 1108)
   defining Unicode char U+0455 (decimal 1109)
   defining Unicode char U+0456 (decimal 1110)
   defining Unicode char U+0457 (decimal 1111)
   defining Unicode char U+0458 (decimal 1112)
   defining Unicode char U+0459 (decimal 1113)
   defining Unicode char U+045A (decimal 1114)
   defining Unicode char U+045B (decimal 1115)
   defining Unicode char U+045C (decimal 1116)
   defining Unicode char U+045D (decimal 1117)
   defining Unicode char U+045E (decimal 1118)
   defining Unicode char U+045F (decimal 1119)
   defining Unicode char U+0490 (decimal 1168)
   defining Unicode char U+0491 (decimal 1169)
   defining Unicode char U+0492 (decimal 1170)
   defining Unicode char U+0493 (decimal 1171)
   defining Unicode char U+0496 (decimal 1174)
   defining Unicode char U+0497 (decimal 1175)
   defining Unicode char U+0498 (decimal 1176)
   defining Unicode char U+0499 (decimal 1177)
   defining Unicode char U+049A (decimal 1178)
   defining Unicode char U+049B (decimal 1179)
   defining Unicode char U+049C (decimal 1180)
   defining Unicode char U+049D (decimal 1181)
   defining Unicode char U+04A0 (decimal 1184)
   defining Unicode char U+04A1 (decimal 1185)
   defining Unicode char U+04A2 (decimal 1186)
   defining Unicode char U+04A3 (decimal 1187)
   defining Unicode char U+04A4 (decimal 1188)
   defining Unicode char U+04A5 (decimal 1189)
   defining Unicode char U+04AA (decimal 1194)
   defining Unicode char U+04AB (decimal 1195)
   defining Unicode char U+04AE (decimal 1198)
   defining Unicode char U+04AF (decimal 1199)
   defining Unicode char U+04B0 (decimal 1200)
   defining Unicode char U+04B1 (decimal 1201)
   defining Unicode char U+04B2 (decimal 1202)
   defining Unicode char U+04B3 (decimal 1203)
   defining Unicode char U+04B6 (decimal 1206)
   defining Unicode char U+04B7 (decimal 1207)
   defining Unicode char U+04B8 (decimal 1208)
   defining Unicode char U+04B9 (decimal 1209)
   defining Unicode char U+04BA (decimal 1210)
   defining Unicode char U+04BB (decimal 1211)
   defining Unicode char U+04C0 (decimal 1216)
   defining Unicode char U+04C1 (decimal 1217)
   defining Unicode char U+04C2 (decimal 1218)
   defining Unicode char U+04D0 (decimal 1232)
   defining Unicode char U+04D1 (decimal 1233)
   defining Unicode char U+04D2 (decimal 1234)
   defining Unicode char U+04D3 (decimal 1235)
   defining Unicode char U+04D4 (decimal 1236)
   defining Unicode char U+04D5 (decimal 1237)
   defining Unicode char U+04D6 (decimal 1238)
   defining Unicode char U+04D7 (decimal 1239)
   defining Unicode char U+04D8 (decimal 1240)
   defining Unicode char U+04D9 (decimal 1241)
   defining Unicode char U+04DA (decimal 1242)
   defining Unicode char U+04DB (decimal 1243)
   defining Unicode char U+04DC (decimal 1244)
   defining Unicode char U+04DD (decimal 1245)
   defining Unicode char U+04DE (decimal 1246)
   defining Unicode char U+04DF (decimal 1247)
   defining Unicode char U+04E2 (decimal 1250)
   defining Unicode char U+04E3 (decimal 1251)
   defining Unicode char U+04E4 (decimal 1252)
   defining Unicode char U+04E5 (decimal 1253)
   defining Unicode char U+04E6 (decimal 1254)
   defining Unicode char U+04E7 (decimal 1255)
   defining Unicode char U+04E8 (decimal 1256)
   defining Unicode char U+04E9 (decimal 1257)
   defining Unicode char U+04EC (decimal 1260)
   defining Unicode char U+04ED (decimal 1261)
   defining Unicode char U+04EE (decimal 1262)
   defining Unicode char U+04EF (decimal 1263)
   defining Unicode char U+04F0 (decimal 1264)
   defining Unicode char U+04F1 (decimal 1265)
   defining Unicode char U+04F2 (decimal 1266)
   defining Unicode char U+04F3 (decimal 1267)
   defining Unicode char U+04F4 (decimal 1268)
   defining Unicode char U+04F5 (decimal 1269)
   defining Unicode char U+04F8 (decimal 1272)
   defining Unicode char U+04F9 (decimal 1273)
   defining Unicode char U+200C (decimal 8204)
   defining Unicode char U+2013 (decimal 8211)
   defining Unicode char U+2014 (decimal 8212)
   defining Unicode char U+2018 (decimal 8216)
   defining Unicode char U+2019 (decimal 8217)
   defining Unicode char U+201C (decimal 8220)
   defining Unicode char U+201D (decimal 8221)
   defining Unicode char U+201E (decimal 8222)
   defining Unicode char U+2030 (decimal 8240)
   defining Unicode char U+2031 (decimal 8241)
   defining Unicode char U+2116 (decimal 8470)
   defining Unicode char U+2329 (decimal 9001)
   defining Unicode char U+232A (decimal 9002)
   defining Unicode char U+2423 (decimal 9251)
   defining Unicode char U+27E8 (decimal 10216)
   defining Unicode char U+27E9 (decimal 10217)
   defining Unicode char U+FB00 (decimal 64256)
   defining Unicode char U+FB01 (decimal 64257)
   defining Unicode char U+FB02 (decimal 64258)
   defining Unicode char U+FB03 (decimal 64259)
   defining Unicode char U+FB04 (decimal 64260)
   defining Unicode char U+FB05 (decimal 64261)
   defining Unicode char U+FB06 (decimal 64262)
)
\symT2Aletters=\mathgroup8
)
Package babel Info: Making " an active character on input line 124.
Package babel Info: Default for \cyrdash is provided on input line 163.
))
(C:\Program Files\MiKTeX\tex/latex/tools\longtable.sty
Package: longtable 2021-05-07 v4.16 Multi-page Table package (DPC)
\LTleft=\skip53
\LTright=\skip54
\LTpre=\skip55
\LTpost=\skip56
\LTchunksize=\count281
\LTcapwidth=\dimen153
\LT@head=\box52
\LT@firsthead=\box53
\LT@foot=\box54
\LT@lastfoot=\box55
\LT@gbox=\box56
\LT@cols=\count282
\LT@rows=\count283
\c@LT@tables=\count284
\c@LT@chunks=\count285
\LT@p@ftn=\toks24
)
(C:\Program Files\MiKTeX\tex/latex/graphics\graphicx.sty
Package: graphicx 2020/12/05 v1.2c Enhanced LaTeX Graphics (DPC,SPQR)

(C:\Program Files\MiKTeX\tex/latex/graphics\graphics.sty
Package: graphics 2021/03/04 v1.4d Standard LaTeX Graphics (DPC,SPQR)

(C:\Program Files\MiKTeX\tex/latex/graphics\trig.sty
Package: trig 2016/01/03 v1.10 sin cos tan (DPC)
)
(C:\Program Files\MiKTeX\tex/latex/graphics-cfg\graphics.cfg
File: graphics.cfg 2016/06/04 v1.11 sample graphics configuration
)
Package graphics Info: Driver file: pdftex.def on input line 107.

(C:\Program Files\MiKTeX\tex/latex/graphics-def\pdftex.def
File: pdftex.def 2020/10/05 v1.2a Graphics/color driver for pdftex
))
\Gin@req@height=\dimen154
\Gin@req@width=\dimen155
)
(C:\Program Files\MiKTeX\tex/generic/xypic\xy.sty
(C:\Program Files\MiKTeX\tex/generic/xypic\xy.tex Bootstrap'ing: catcodes,
docmode, (C:\Program Files\MiKTeX\tex/generic/xypic\xyrecat.tex)
(C:\Program Files\MiKTeX\tex/generic/xypic\xyidioms.tex)

 Xy-pic version 3.8.9 <2013/10/06>
 Copyright (c) 1991-2013 by Kristoffer H. Rose <krisrose@tug.org> and others
 Xy-pic is free software: see the User's Guide for details.

Loading kernel: messages; fonts; allocations: state,
\X@c=\dimen156
\Y@c=\dimen157
\U@c=\dimen158
\D@c=\dimen159
\L@c=\dimen160
\R@c=\dimen161
\Edge@c=\toks25
\X@p=\dimen162
\Y@p=\dimen163
\U@p=\dimen164
\D@p=\dimen165
\L@p=\dimen166
\R@p=\dimen167
\Edge@p=\toks26
\X@origin=\dimen168
\Y@origin=\dimen169
\X@xbase=\dimen170
\Y@xbase=\dimen171
\X@ybase=\dimen172
\Y@ybase=\dimen173
\X@min=\dimen174
\Y@min=\dimen175
\X@max=\dimen176
\Y@max=\dimen177
\lastobjectbox@=\box57
\zerodotbox@=\box58
\almostz@=\dimen178
 direction,
\d@X=\dimen179
\d@Y=\dimen180
\K@=\count286
\KK@=\count287
\Direction=\count288
\K@dXdY=\dimen181
\K@dYdX=\dimen182
\xyread@=\read3
\xywrite@=\write3
\csp@=\count289
\quotPTK@=\dimen183

utility macros; pictures: \xy, positions,
\swaptoks@@=\toks27
\connectobjectbox@@=\box59
 objects,
\styletoks@=\toks28
 decorations;
kernel objects: directionals, circles, text; options; algorithms: directions,
edges, connections;  Xy-pic loaded)
(C:\Program Files\MiKTeX\tex/generic/iftex\ifpdf.sty
Package: ifpdf 2019/10/25 v3.4 ifpdf legacy package. Use iftex instead.
)
Package: xy 2013/10/06 Xy-pic version 3.8.9

(C:\Program Files\MiKTeX\tex/generic/xypic\xymatrix.tex
 Xy-pic option: Matrix feature v.3.14
\Row=\count290
\Col=\count291
\queue@=\toks29
\queue@@=\toks30
\qcount@=\count292
\qcount@@=\count293
\matrixsize@=\count294
 loaded)
(C:\Program Files\MiKTeX\tex/generic/xypic\xyarrow.tex
 Xy-pic option: Arrow and Path feature v.3.9 path, \ar, loaded)
(C:\Program Files\MiKTeX\tex/generic/xypic\xycurve.tex
 Xy-pic option: Curve and Spline extension v.3.12 curve,
\crv@cnt@=\count295
\crvpts@=\toks31
\splinebox@=\box60
\splineval@=\dimen184
\splinedepth@=\dimen185
\splinetol@=\dimen186
\splinelength@=\dimen187
 circles,
\L@=\dimen188
 loaded)
(C:\Program Files\MiKTeX\tex/generic/xypic\xypdf.tex
 Xy-pic option: PDF driver v.1.7 Xy-pic pdf driver: `curve' extension support
(C:\Program Files\MiKTeX\tex/generic/xypic\xypdf-cu.tex loaded) loaded))
(C:\Program Files\MiKTeX\tex/latex/ccaption\ccaption.sty
Package: ccaption 2011/08/07 v3.2c Extended captioning and new floats
\@contcwidth=\skip57
\@contindw=\skip58
\abovelegendskip=\skip59
\belowlegendskip=\skip60
\c@newflo@tctr=\count296
)
(C:\Program Files\MiKTeX\tex/latex/t2\misccorr.sty
Package: misccorr 1999/09/23 v0.1 misc corrections for russian typesetting

(C:\Program Files\MiKTeX\tex/latex/tools\enumerate.sty
Package: enumerate 2015/07/23 v3.00 enumerate extensions (DPC)
\@enLab=\toks32
)
\c@rlistctr=\count297
)
(C:\Program Files\MiKTeX\tex/latex/tools\indentfirst.sty
Package: indentfirst 1995/11/23 v1.03 Indent first paragraph (DPC)
)
(C:\Program Files\MiKTeX\tex/generic/soul\soul.sty
Package: soul 2003/11/17 v2.4 letterspacing/underlining (mf)
\SOUL@word=\toks33
\SOUL@lasttoken=\toks34
\SOUL@cmds=\toks35
\SOUL@buffer=\toks36
\SOUL@token=\toks37
\SOUL@spaceskip=\skip61
\SOUL@ttwidth=\dimen189
\SOUL@uldp=\dimen190
\SOUL@ulht=\dimen191
)
\c@theorem=\count298
\c@proposition=\count299
\c@lemma=\count300
\c@Characteristic=\count301
\c@corollary=\count302
\c@criterion=\count303
\c@example=\count304
\c@remark=\count305
\c@algorithm=\count306
\c@axiom=\count307
\c@case=\count308
\c@claim=\count309
\c@conclusion=\count310
\c@condition=\count311
\c@conjecture=\count312
\c@definition=\count313
\c@exercise=\count314
\c@problem=\count315
\c@summary=\count316

(C:\Program Files\MiKTeX\tex/latex/l3backend\l3backend-pdftex.def
File: l3backend-pdftex.def 2021-08-04 L3 backend support: PDF output (pdfTeX)
\l__color_backend_stack_int=\count317
\l__pdf_internal_box=\box61
) (report1.aux
LaTeX Font Info:    Trying to load font information for T2A+cmr on input line 2
2.
(C:\Program Files\MiKTeX\tex/latex/cyrillic\t2acmr.fd
File: t2acmr.fd 2001/08/11 v1.0a Computer Modern Cyrillic font definitions
)<<t2a.cmap>>)
\openout1 = `report1.aux'.

LaTeX Font Info:    Checking defaults for OML/cmm/m/it on input line 64.
LaTeX Font Info:    ... okay on input line 64.
LaTeX Font Info:    Checking defaults for OMS/cmsy/m/n on input line 64.
LaTeX Font Info:    ... okay on input line 64.
LaTeX Font Info:    Checking defaults for OT1/cmr/m/n on input line 64.
LaTeX Font Info:    ... okay on input line 64.
LaTeX Font Info:    Checking defaults for T1/cmr/m/n on input line 64.
LaTeX Font Info:    ... okay on input line 64.
LaTeX Font Info:    Checking defaults for TS1/cmr/m/n on input line 64.
LaTeX Font Info:    ... okay on input line 64.
LaTeX Font Info:    Checking defaults for OMX/cmex/m/n on input line 64.
LaTeX Font Info:    ... okay on input line 64.
LaTeX Font Info:    Checking defaults for U/cmr/m/n on input line 64.
LaTeX Font Info:    ... okay on input line 64.
LaTeX Font Info:    Checking defaults for PD1/pdf/m/n on input line 64.
LaTeX Font Info:    ... okay on input line 64.
LaTeX Font Info:    Checking defaults for PU/pdf/m/n on input line 64.
LaTeX Font Info:    ... okay on input line 64.
LaTeX Font Info:    Checking defaults for T2A/cmr/m/n on input line 64.
LaTeX Font Info:    ... okay on input line 64.
Package hyperref Info: Link coloring OFF on input line 64.

(C:\Program Files\MiKTeX\tex/latex/hyperref\nameref.sty
Package: nameref 2021-04-02 v2.47 Cross-referencing by name of section

(C:\Program Files\MiKTeX\tex/latex/refcount\refcount.sty
Package: refcount 2019/12/15 v3.6 Data extraction from label references (HO)
)
(C:\Program Files\MiKTeX\tex/generic/gettitlestring\gettitlestring.sty
Package: gettitlestring 2019/12/15 v1.6 Cleanup title references (HO)
)
\c@section@level=\count318
)
LaTeX Info: Redefining \ref on input line 64.
LaTeX Info: Redefining \pageref on input line 64.
LaTeX Info: Redefining \nameref on input line 64.

(report1.out) (report1.out)
\@outlinefile=\write4
\openout4 = `report1.out'.

LaTeX Info: Redefining \th on input line 64.

(C:\Program Files\MiKTeX\tex/context/base/mkii\supp-pdf.mkii
[Loading MPS to PDF converter (version 2006.09.02).]
\scratchcounter=\count319
\scratchdimen=\dimen192
\scratchbox=\box62
\nofMPsegments=\count320
\nofMParguments=\count321
\everyMPshowfont=\toks38
\MPscratchCnt=\count322
\MPscratchDim=\dimen193
\MPnumerator=\count323
\makeMPintoPDFobject=\count324
\everyMPtoPDFconversion=\toks39
) (C:\Program Files\MiKTeX\tex/latex/epstopdf-pkg\epstopdf-base.sty
Package: epstopdf-base 2020-01-24 v2.11 Base part for package epstopdf
Package epstopdf-base Info: Redefining graphics rule for `.eps' on input line 4
85.

(C:\Program Files\MiKTeX\tex/latex/00miktex\epstopdf-sys.cfg
File: epstopdf-sys.cfg 2021/03/18 v2.0 Configuration of epstopdf for MiKTeX
))<<ot1.cmap>><<oml.cmap>><<oms.cmap>><<omx.cmap>>
LaTeX Font Info:    Trying to load font information for U+msa on input line 64.


(C:\Program Files\MiKTeX\tex/latex/amsfonts\umsa.fd
File: umsa.fd 2013/01/14 v3.01 AMS symbols A
)
LaTeX Font Info:    Trying to load font information for U+msb on input line 64.


(C:\Program Files\MiKTeX\tex/latex/amsfonts\umsb.fd
File: umsb.fd 2013/01/14 v3.01 AMS symbols B
)
LaTeX Font Info:    Trying to load font information for PD1+cmr on input line 6
4.
LaTeX Font Info:    No file PD1cmr.fd. on input line 64.


LaTeX Font Warning: Font shape `PD1/cmr/m/up' undefined
(Font)              using `PD1/pdf/m/n' instead on input line 64.

LaTeX Font Info:    Trying to load font information for PU+cmr on input line 64
.
LaTeX Font Info:    No file PUcmr.fd. on input line 64.

LaTeX Font Warning: Font shape `PU/cmr/m/up' undefined
(Font)              using `PU/pdf/m/n' instead on input line 64.


LaTeX Font Warning: Font shape `T2A/cmr/m/up' undefined
(Font)              using `T2A/cmr/m/n' instead on input line 64.

Package xypdf Info: Line width: 0.57597pt on input line 64.

Underfull \hbox (badness 1616) in paragraph at lines 69--81
[]\T2A/cmr/m/up/14.4 Исследуются уста-но-вив-ши-е-ся гар-мо-ни-че-ские ко-ле-ба
-ния упру-го-го
 []

(plots1.tex
Package epstopdf Info: Source file: <uppw1cp(1)1cp(2)2cs(1)0,3cs(20,5rho(1)1rho
(2)2.eps>
(epstopdf)                    date: 2022-12-06 12:27:42
(epstopdf)                    size: 202845 bytes
(epstopdf)             Output file: <uppw1cp(1)1cp(2)2cs(1)0,3cs(20,5rho(1)1rho
(2)2-eps-converted-to.pdf>
(epstopdf)                    date: 2022-12-06 12:27:57
(epstopdf)                    size: 81430 bytes
(epstopdf)             Command: <miktex-epstopdf --outfile=uppw1cp(1)1cp(2)2cs(
1)0,3cs(20,5rho(1)1rho(2)2-eps-converted-to.pdf uppw1cp(1)1cp(2)2cs(1)0,3cs(20,
5rho(1)1rho(2)2.eps>
(epstopdf)             \includegraphics on input line 2.
Package epstopdf Info: Output file is already uptodate.


pdfTeX warning: pdflatex.exe (file ./uppw1cp(1)1cp(2)2cs(1)0,3cs(20,5rho(1)1rho
(2)2-eps-converted-to.pdf): PDF inclusion: found PDF version <1.7>, but at most
 version <1.5> allowed
<uppw1cp(1)1cp(2)2cs(1)0,3cs(20,5rho(1)1rho(2)2-eps-converted-to.pdf, id=8, 121
8.5525pt x 645.41125pt>
File: uppw1cp(1)1cp(2)2cs(1)0,3cs(20,5rho(1)1rho(2)2-eps-converted-to.pdf Graph
ic file (type pdf)
<use uppw1cp(1)1cp(2)2cs(1)0,3cs(20,5rho(1)1rho(2)2-eps-converted-to.pdf>
Package pdftex.def Info: uppw1cp(1)1cp(2)2cs(1)0,3cs(20,5rho(1)1rho(2)2-eps-con
verted-to.pdf  used on input line 2.
(pdftex.def)             Requested size: 463.05476pt x 245.25882pt.
Package epstopdf Info: Source file: <uppw2cp(1)1cp(2)2cs(1)0,3cs(20,5rho(1)1rho
(2)2.eps>
(epstopdf)                    date: 2022-12-06 12:28:43
(epstopdf)                    size: 197215 bytes
(epstopdf)             Output file: <uppw2cp(1)1cp(2)2cs(1)0,3cs(20,5rho(1)1rho
(2)2-eps-converted-to.pdf>
(epstopdf)                    date: 2022-12-06 12:28:52
(epstopdf)                    size: 74893 bytes
(epstopdf)             Command: <miktex-epstopdf --outfile=uppw2cp(1)1cp(2)2cs(
1)0,3cs(20,5rho(1)1rho(2)2-eps-converted-to.pdf uppw2cp(1)1cp(2)2cs(1)0,3cs(20,
5rho(1)1rho(2)2.eps>
(epstopdf)             \includegraphics on input line 4.
Package epstopdf Info: Output file is already uptodate.


pdfTeX warning: pdflatex.exe (file ./uppw2cp(1)1cp(2)2cs(1)0,3cs(20,5rho(1)1rho
(2)2-eps-converted-to.pdf): PDF inclusion: found PDF version <1.7>, but at most
 version <1.5> allowed
<uppw2cp(1)1cp(2)2cs(1)0,3cs(20,5rho(1)1rho(2)2-eps-converted-to.pdf, id=9, 121
8.5525pt x 651.43375pt>
File: uppw2cp(1)1cp(2)2cs(1)0,3cs(20,5rho(1)1rho(2)2-eps-converted-to.pdf Graph
ic file (type pdf)
<use uppw2cp(1)1cp(2)2cs(1)0,3cs(20,5rho(1)1rho(2)2-eps-converted-to.pdf>
Package pdftex.def Info: uppw2cp(1)1cp(2)2cs(1)0,3cs(20,5rho(1)1rho(2)2-eps-con
verted-to.pdf  used on input line 4.
(pdftex.def)             Requested size: 463.05476pt x 247.5474pt.
Package epstopdf Info: Source file: <uppw5cp(1)1cp(2)2cs(1)0,3cs(20,5rho(1)1rho
(2)2.eps>
(epstopdf)                    date: 2022-12-06 12:32:09
(epstopdf)                    size: 115711 bytes
(epstopdf)             Output file: <uppw5cp(1)1cp(2)2cs(1)0,3cs(20,5rho(1)1rho
(2)2-eps-converted-to.pdf>
(epstopdf)                    date: 2022-12-06 12:32:26
(epstopdf)                    size: 50655 bytes
(epstopdf)             Command: <miktex-epstopdf --outfile=uppw5cp(1)1cp(2)2cs(
1)0,3cs(20,5rho(1)1rho(2)2-eps-converted-to.pdf uppw5cp(1)1cp(2)2cs(1)0,3cs(20,
5rho(1)1rho(2)2.eps>
(epstopdf)             \includegraphics on input line 6.
Package epstopdf Info: Output file is already uptodate.


pdfTeX warning: pdflatex.exe (file ./uppw5cp(1)1cp(2)2cs(1)0,3cs(20,5rho(1)1rho
(2)2-eps-converted-to.pdf): PDF inclusion: found PDF version <1.7>, but at most
 version <1.5> allowed
<uppw5cp(1)1cp(2)2cs(1)0,3cs(20,5rho(1)1rho(2)2-eps-converted-to.pdf, id=10, 12
12.53pt x 651.43375pt>
File: uppw5cp(1)1cp(2)2cs(1)0,3cs(20,5rho(1)1rho(2)2-eps-converted-to.pdf Graph
ic file (type pdf)
<use uppw5cp(1)1cp(2)2cs(1)0,3cs(20,5rho(1)1rho(2)2-eps-converted-to.pdf>
Package pdftex.def Info: uppw5cp(1)1cp(2)2cs(1)0,3cs(20,5rho(1)1rho(2)2-eps-con
verted-to.pdf  used on input line 6.
(pdftex.def)             Requested size: 460.76619pt x 247.5474pt.

LaTeX Warning: `!h' float specifier changed to `!ht'.

Package epstopdf Info: Source file: <uppw10cp(1)1cp(2)2cs(1)0,3cs(20,5rho(1)1rh
o(2)2.eps>
(epstopdf)                    date: 2022-12-06 12:33:25
(epstopdf)                    size: 120692 bytes
(epstopdf)             Output file: <uppw10cp(1)1cp(2)2cs(1)0,3cs(20,5rho(1)1rh
o(2)2-eps-converted-to.pdf>
(epstopdf)                    date: 2022-12-06 12:33:36
(epstopdf)                    size: 53809 bytes
(epstopdf)             Command: <miktex-epstopdf --outfile=uppw10cp(1)1cp(2)2cs
(1)0,3cs(20,5rho(1)1rho(2)2-eps-converted-to.pdf uppw10cp(1)1cp(2)2cs(1)0,3cs(2
0,5rho(1)1rho(2)2.eps>
(epstopdf)             \includegraphics on input line 8.
Package epstopdf Info: Output file is already uptodate.


pdfTeX warning: pdflatex.exe (file ./uppw10cp(1)1cp(2)2cs(1)0,3cs(20,5rho(1)1rh
o(2)2-eps-converted-to.pdf): PDF inclusion: found PDF version <1.7>, but at mos
t version <1.5> allowed
<uppw10cp(1)1cp(2)2cs(1)0,3cs(20,5rho(1)1rho(2)2-eps-converted-to.pdf, id=11, 1
212.53pt x 651.43375pt>
File: uppw10cp(1)1cp(2)2cs(1)0,3cs(20,5rho(1)1rho(2)2-eps-converted-to.pdf Grap
hic file (type pdf)
<use uppw10cp(1)1cp(2)2cs(1)0,3cs(20,5rho(1)1rho(2)2-eps-converted-to.pdf>
Package pdftex.def Info: uppw10cp(1)1cp(2)2cs(1)0,3cs(20,5rho(1)1rho(2)2-eps-co
nverted-to.pdf  used on input line 8.
(pdftex.def)             Requested size: 460.76619pt x 247.5474pt.

LaTeX Warning: `!h' float specifier changed to `!ht'.

Package epstopdf Info: Source file: <upsw1cp(1)1cp(2)2cs(1)0,3cs(20,5rho(1)1rho
(2)2.eps>
(epstopdf)                    date: 2022-12-06 12:36:54
(epstopdf)                    size: 202114 bytes
(epstopdf)             Output file: <upsw1cp(1)1cp(2)2cs(1)0,3cs(20,5rho(1)1rho
(2)2-eps-converted-to.pdf>
(epstopdf)                    date: 2022-12-06 12:38:33
(epstopdf)                    size: 75744 bytes
(epstopdf)             Command: <miktex-epstopdf --outfile=upsw1cp(1)1cp(2)2cs(
1)0,3cs(20,5rho(1)1rho(2)2-eps-converted-to.pdf upsw1cp(1)1cp(2)2cs(1)0,3cs(20,
5rho(1)1rho(2)2.eps>
(epstopdf)             \includegraphics on input line 10.
Package epstopdf Info: Output file is already uptodate.


pdfTeX warning: pdflatex.exe (file ./upsw1cp(1)1cp(2)2cs(1)0,3cs(20,5rho(1)1rho
(2)2-eps-converted-to.pdf): PDF inclusion: found PDF version <1.7>, but at most
 version <1.5> allowed
<upsw1cp(1)1cp(2)2cs(1)0,3cs(20,5rho(1)1rho(2)2-eps-converted-to.pdf, id=12, 12
18.5525pt x 651.43375pt>
File: upsw1cp(1)1cp(2)2cs(1)0,3cs(20,5rho(1)1rho(2)2-eps-converted-to.pdf Graph
ic file (type pdf)
<use upsw1cp(1)1cp(2)2cs(1)0,3cs(20,5rho(1)1rho(2)2-eps-converted-to.pdf>
Package pdftex.def Info: upsw1cp(1)1cp(2)2cs(1)0,3cs(20,5rho(1)1rho(2)2-eps-con
verted-to.pdf  used on input line 10.
(pdftex.def)             Requested size: 463.05476pt x 247.5474pt.

LaTeX Warning: `!h' float specifier changed to `!ht'.

Package epstopdf Info: Source file: <upsw2cp(1)1cp(2)2cs(1)0,3cs(20,5rho(1)1rho
(2)2.eps>
(epstopdf)                    date: 2022-12-06 12:37:45
(epstopdf)                    size: 196990 bytes
(epstopdf)             Output file: <upsw2cp(1)1cp(2)2cs(1)0,3cs(20,5rho(1)1rho
(2)2-eps-converted-to.pdf>
(epstopdf)                    date: 2022-12-06 12:38:35
(epstopdf)                    size: 71084 bytes
(epstopdf)             Command: <miktex-epstopdf --outfile=upsw2cp(1)1cp(2)2cs(
1)0,3cs(20,5rho(1)1rho(2)2-eps-converted-to.pdf upsw2cp(1)1cp(2)2cs(1)0,3cs(20,
5rho(1)1rho(2)2.eps>
(epstopdf)             \includegraphics on input line 12.
Package epstopdf Info: Output file is already uptodate.


pdfTeX warning: pdflatex.exe (file ./upsw2cp(1)1cp(2)2cs(1)0,3cs(20,5rho(1)1rho
(2)2-eps-converted-to.pdf): PDF inclusion: found PDF version <1.7>, but at most
 version <1.5> allowed
<upsw2cp(1)1cp(2)2cs(1)0,3cs(20,5rho(1)1rho(2)2-eps-converted-to.pdf, id=13, 12
30.5975pt x 648.4225pt>
File: upsw2cp(1)1cp(2)2cs(1)0,3cs(20,5rho(1)1rho(2)2-eps-converted-to.pdf Graph
ic file (type pdf)
<use upsw2cp(1)1cp(2)2cs(1)0,3cs(20,5rho(1)1rho(2)2-eps-converted-to.pdf>
Package pdftex.def Info: upsw2cp(1)1cp(2)2cs(1)0,3cs(20,5rho(1)1rho(2)2-eps-con
verted-to.pdf  used on input line 12.
(pdftex.def)             Requested size: 467.63191pt x 246.4031pt.

LaTeX Warning: `!h' float specifier changed to `!ht'.

Package epstopdf Info: Source file: <upsw5cp(1)1cp(2)2cs(1)0,3cs(20,5rho(1)1rho
(2)2.eps>
(epstopdf)                    date: 2022-12-06 12:38:21
(epstopdf)                    size: 115778 bytes
(epstopdf)             Output file: <upsw5cp(1)1cp(2)2cs(1)0,3cs(20,5rho(1)1rho
(2)2-eps-converted-to.pdf>
(epstopdf)                    date: 2022-12-06 12:38:37
(epstopdf)                    size: 49361 bytes
(epstopdf)             Command: <miktex-epstopdf --outfile=upsw5cp(1)1cp(2)2cs(
1)0,3cs(20,5rho(1)1rho(2)2-eps-converted-to.pdf upsw5cp(1)1cp(2)2cs(1)0,3cs(20,
5rho(1)1rho(2)2.eps>
(epstopdf)             \includegraphics on input line 14.
Package epstopdf Info: Output file is already uptodate.


pdfTeX warning: pdflatex.exe (file ./upsw5cp(1)1cp(2)2cs(1)0,3cs(20,5rho(1)1rho
(2)2-eps-converted-to.pdf): PDF inclusion: found PDF version <1.7>, but at most
 version <1.5> allowed
<upsw5cp(1)1cp(2)2cs(1)0,3cs(20,5rho(1)1rho(2)2-eps-converted-to.pdf, id=14, 12
24.575pt x 651.43375pt>
File: upsw5cp(1)1cp(2)2cs(1)0,3cs(20,5rho(1)1rho(2)2-eps-converted-to.pdf Graph
ic file (type pdf)
<use upsw5cp(1)1cp(2)2cs(1)0,3cs(20,5rho(1)1rho(2)2-eps-converted-to.pdf>
Package pdftex.def Info: upsw5cp(1)1cp(2)2cs(1)0,3cs(20,5rho(1)1rho(2)2-eps-con
verted-to.pdf  used on input line 14.
(pdftex.def)             Requested size: 465.34334pt x 247.5474pt.

LaTeX Warning: `!h' float specifier changed to `!ht'.

Package epstopdf Info: Source file: <upsw10cp(1)1cp(2)2cs(1)0,3cs(20,5rho(1)1rh
o(2)2.eps>
(epstopdf)                    date: 2022-12-06 12:40:01
(epstopdf)                    size: 121679 bytes
(epstopdf)             Output file: <upsw10cp(1)1cp(2)2cs(1)0,3cs(20,5rho(1)1rh
o(2)2-eps-converted-to.pdf>
(epstopdf)                    date: 2022-12-06 12:40:15
(epstopdf)                    size: 53153 bytes
(epstopdf)             Command: <miktex-epstopdf --outfile=upsw10cp(1)1cp(2)2cs
(1)0,3cs(20,5rho(1)1rho(2)2-eps-converted-to.pdf upsw10cp(1)1cp(2)2cs(1)0,3cs(2
0,5rho(1)1rho(2)2.eps>
(epstopdf)             \includegraphics on input line 16.
Package epstopdf Info: Output file is already uptodate.


pdfTeX warning: pdflatex.exe (file ./upsw10cp(1)1cp(2)2cs(1)0,3cs(20,5rho(1)1rh
o(2)2-eps-converted-to.pdf): PDF inclusion: found PDF version <1.7>, but at mos
t version <1.5> allowed
<upsw10cp(1)1cp(2)2cs(1)0,3cs(20,5rho(1)1rho(2)2-eps-converted-to.pdf, id=15, 1
212.53pt x 651.43375pt>
File: upsw10cp(1)1cp(2)2cs(1)0,3cs(20,5rho(1)1rho(2)2-eps-converted-to.pdf Grap
hic file (type pdf)
<use upsw10cp(1)1cp(2)2cs(1)0,3cs(20,5rho(1)1rho(2)2-eps-converted-to.pdf>
Package pdftex.def Info: upsw10cp(1)1cp(2)2cs(1)0,3cs(20,5rho(1)1rho(2)2-eps-co
nverted-to.pdf  used on input line 16.
(pdftex.def)             Requested size: 460.76619pt x 247.5474pt.

LaTeX Warning: `!h' float specifier changed to `!ht'.

Package epstopdf Info: Source file: <uspw1cp(1)1cp(2)2cs(1)0,3cs(20,5rho(1)1rho
(2)2.eps>
(epstopdf)                    date: 2022-12-06 12:42:27
(epstopdf)                    size: 201683 bytes
(epstopdf)             Output file: <uspw1cp(1)1cp(2)2cs(1)0,3cs(20,5rho(1)1rho
(2)2-eps-converted-to.pdf>
(epstopdf)                    date: 2022-12-06 12:44:34
(epstopdf)                    size: 77329 bytes
(epstopdf)             Command: <miktex-epstopdf --outfile=uspw1cp(1)1cp(2)2cs(
1)0,3cs(20,5rho(1)1rho(2)2-eps-converted-to.pdf uspw1cp(1)1cp(2)2cs(1)0,3cs(20,
5rho(1)1rho(2)2.eps>
(epstopdf)             \includegraphics on input line 18.
Package epstopdf Info: Output file is already uptodate.


pdfTeX warning: pdflatex.exe (file ./uspw1cp(1)1cp(2)2cs(1)0,3cs(20,5rho(1)1rho
(2)2-eps-converted-to.pdf): PDF inclusion: found PDF version <1.7>, but at most
 version <1.5> allowed
<uspw1cp(1)1cp(2)2cs(1)0,3cs(20,5rho(1)1rho(2)2-eps-converted-to.pdf, id=16, 12
18.5525pt x 651.43375pt>
File: uspw1cp(1)1cp(2)2cs(1)0,3cs(20,5rho(1)1rho(2)2-eps-converted-to.pdf Graph
ic file (type pdf)
<use uspw1cp(1)1cp(2)2cs(1)0,3cs(20,5rho(1)1rho(2)2-eps-converted-to.pdf>
Package pdftex.def Info: uspw1cp(1)1cp(2)2cs(1)0,3cs(20,5rho(1)1rho(2)2-eps-con
verted-to.pdf  used on input line 18.
(pdftex.def)             Requested size: 463.05476pt x 247.5474pt.

LaTeX Warning: `!h' float specifier changed to `!ht'.

Package epstopdf Info: Source file: <uspw2cp(1)1cp(2)2cs(1)0,3cs(20,5rho(1)1rho
(2)2.eps>
(epstopdf)                    date: 2022-12-06 12:43:22
(epstopdf)                    size: 197548 bytes
(epstopdf)             Output file: <uspw2cp(1)1cp(2)2cs(1)0,3cs(20,5rho(1)1rho
(2)2-eps-converted-to.pdf>
(epstopdf)                    date: 2022-12-06 12:44:36
(epstopdf)                    size: 72928 bytes
(epstopdf)             Command: <miktex-epstopdf --outfile=uspw2cp(1)1cp(2)2cs(
1)0,3cs(20,5rho(1)1rho(2)2-eps-converted-to.pdf uspw2cp(1)1cp(2)2cs(1)0,3cs(20,
5rho(1)1rho(2)2.eps>
(epstopdf)             \includegraphics on input line 20.
Package epstopdf Info: Output file is already uptodate.


pdfTeX warning: pdflatex.exe (file ./uspw2cp(1)1cp(2)2cs(1)0,3cs(20,5rho(1)1rho
(2)2-eps-converted-to.pdf): PDF inclusion: found PDF version <1.7>, but at most
 version <1.5> allowed
<uspw2cp(1)1cp(2)2cs(1)0,3cs(20,5rho(1)1rho(2)2-eps-converted-to.pdf, id=17, 12
30.5975pt x 651.43375pt>
File: uspw2cp(1)1cp(2)2cs(1)0,3cs(20,5rho(1)1rho(2)2-eps-converted-to.pdf Graph
ic file (type pdf)
<use uspw2cp(1)1cp(2)2cs(1)0,3cs(20,5rho(1)1rho(2)2-eps-converted-to.pdf>
Package pdftex.def Info: uspw2cp(1)1cp(2)2cs(1)0,3cs(20,5rho(1)1rho(2)2-eps-con
verted-to.pdf  used on input line 20.
(pdftex.def)             Requested size: 467.63191pt x 247.5474pt.

LaTeX Warning: `!h' float specifier changed to `!ht'.

Package epstopdf Info: Source file: <uspw5cp(1)1cp(2)2cs(1)0,3cs(20,5rho(1)1rho
(2)2.eps>
(epstopdf)                    date: 2022-12-06 12:44:02
(epstopdf)                    size: 119081 bytes
(epstopdf)             Output file: <uspw5cp(1)1cp(2)2cs(1)0,3cs(20,5rho(1)1rho
(2)2-eps-converted-to.pdf>
(epstopdf)                    date: 2022-12-06 12:44:37
(epstopdf)                    size: 51135 bytes
(epstopdf)             Command: <miktex-epstopdf --outfile=uspw5cp(1)1cp(2)2cs(
1)0,3cs(20,5rho(1)1rho(2)2-eps-converted-to.pdf uspw5cp(1)1cp(2)2cs(1)0,3cs(20,
5rho(1)1rho(2)2.eps>
(epstopdf)             \includegraphics on input line 22.
Package epstopdf Info: Output file is already uptodate.


pdfTeX warning: pdflatex.exe (file ./uspw5cp(1)1cp(2)2cs(1)0,3cs(20,5rho(1)1rho
(2)2-eps-converted-to.pdf): PDF inclusion: found PDF version <1.7>, but at most
 version <1.5> allowed
<uspw5cp(1)1cp(2)2cs(1)0,3cs(20,5rho(1)1rho(2)2-eps-converted-to.pdf, id=18, 11
81.41376pt x 672.5125pt>
File: uspw5cp(1)1cp(2)2cs(1)0,3cs(20,5rho(1)1rho(2)2-eps-converted-to.pdf Graph
ic file (type pdf)
<use uspw5cp(1)1cp(2)2cs(1)0,3cs(20,5rho(1)1rho(2)2-eps-converted-to.pdf>
Package pdftex.def Info: uspw5cp(1)1cp(2)2cs(1)0,3cs(20,5rho(1)1rho(2)2-eps-con
verted-to.pdf  used on input line 22.
(pdftex.def)             Requested size: 448.9419pt x 255.5574pt.

LaTeX Warning: `!h' float specifier changed to `!ht'.

Package epstopdf Info: Source file: <uspw10cp(1)1cp(2)2cs(1)0,3cs(20,5rho(1)1rh
o(2)2.eps>
(epstopdf)                    date: 2022-12-06 12:46:33
(epstopdf)                    size: 122254 bytes
(epstopdf)             Output file: <uspw10cp(1)1cp(2)2cs(1)0,3cs(20,5rho(1)1rh
o(2)2-eps-converted-to.pdf>
(epstopdf)                    date: 2022-12-06 12:46:44
(epstopdf)                    size: 53955 bytes
(epstopdf)             Command: <miktex-epstopdf --outfile=uspw10cp(1)1cp(2)2cs
(1)0,3cs(20,5rho(1)1rho(2)2-eps-converted-to.pdf uspw10cp(1)1cp(2)2cs(1)0,3cs(2
0,5rho(1)1rho(2)2.eps>
(epstopdf)             \includegraphics on input line 24.
Package epstopdf Info: Output file is already uptodate.


pdfTeX warning: pdflatex.exe (file ./uspw10cp(1)1cp(2)2cs(1)0,3cs(20,5rho(1)1rh
o(2)2-eps-converted-to.pdf): PDF inclusion: found PDF version <1.7>, but at mos
t version <1.5> allowed
<uspw10cp(1)1cp(2)2cs(1)0,3cs(20,5rho(1)1rho(2)2-eps-converted-to.pdf, id=19, 1
181.41376pt x 672.5125pt>
File: uspw10cp(1)1cp(2)2cs(1)0,3cs(20,5rho(1)1rho(2)2-eps-converted-to.pdf Grap
hic file (type pdf)
<use uspw10cp(1)1cp(2)2cs(1)0,3cs(20,5rho(1)1rho(2)2-eps-converted-to.pdf>
Package pdftex.def Info: uspw10cp(1)1cp(2)2cs(1)0,3cs(20,5rho(1)1rho(2)2-eps-co
nverted-to.pdf  used on input line 24.
(pdftex.def)             Requested size: 448.9419pt x 255.5574pt.

LaTeX Warning: `!h' float specifier changed to `!ht'.

Package epstopdf Info: Source file: <ussw1cp(1)1cp(2)2cs(1)0,3cs(20,5rho(1)1rho
(2)2.eps>
(epstopdf)                    date: 2022-12-06 12:48:12
(epstopdf)                    size: 200787 bytes
(epstopdf)             Output file: <ussw1cp(1)1cp(2)2cs(1)0,3cs(20,5rho(1)1rho
(2)2-eps-converted-to.pdf>
(epstopdf)                    date: 2022-12-06 12:49:53
(epstopdf)                    size: 81005 bytes
(epstopdf)             Command: <miktex-epstopdf --outfile=ussw1cp(1)1cp(2)2cs(
1)0,3cs(20,5rho(1)1rho(2)2-eps-converted-to.pdf ussw1cp(1)1cp(2)2cs(1)0,3cs(20,
5rho(1)1rho(2)2.eps>
(epstopdf)             \includegraphics on input line 26.
Package epstopdf Info: Output file is already uptodate.


pdfTeX warning: pdflatex.exe (file ./ussw1cp(1)1cp(2)2cs(1)0,3cs(20,5rho(1)1rho
(2)2-eps-converted-to.pdf): PDF inclusion: found PDF version <1.7>, but at most
 version <1.5> allowed
<ussw1cp(1)1cp(2)2cs(1)0,3cs(20,5rho(1)1rho(2)2-eps-converted-to.pdf, id=20, 12
05.50375pt x 651.43375pt>
File: ussw1cp(1)1cp(2)2cs(1)0,3cs(20,5rho(1)1rho(2)2-eps-converted-to.pdf Graph
ic file (type pdf)
<use ussw1cp(1)1cp(2)2cs(1)0,3cs(20,5rho(1)1rho(2)2-eps-converted-to.pdf>
Package pdftex.def Info: ussw1cp(1)1cp(2)2cs(1)0,3cs(20,5rho(1)1rho(2)2-eps-con
verted-to.pdf  used on input line 26.
(pdftex.def)             Requested size: 458.09619pt x 247.5474pt.

LaTeX Warning: `!h' float specifier changed to `!ht'.

Package epstopdf Info: Source file: <ussw2cp(1)1cp(2)2cs(1)0,3cs(20,5rho(1)1rho
(2)2.eps>
(epstopdf)                    date: 2022-12-06 12:48:48
(epstopdf)                    size: 196826 bytes
(epstopdf)             Output file: <ussw2cp(1)1cp(2)2cs(1)0,3cs(20,5rho(1)1rho
(2)2-eps-converted-to.pdf>
(epstopdf)                    date: 2022-12-06 12:49:55
(epstopdf)                    size: 76421 bytes
(epstopdf)             Command: <miktex-epstopdf --outfile=ussw2cp(1)1cp(2)2cs(
1)0,3cs(20,5rho(1)1rho(2)2-eps-converted-to.pdf ussw2cp(1)1cp(2)2cs(1)0,3cs(20,
5rho(1)1rho(2)2.eps>
(epstopdf)             \includegraphics on input line 28.
Package epstopdf Info: Output file is already uptodate.


pdfTeX warning: pdflatex.exe (file ./ussw2cp(1)1cp(2)2cs(1)0,3cs(20,5rho(1)1rho
(2)2-eps-converted-to.pdf): PDF inclusion: found PDF version <1.7>, but at most
 version <1.5> allowed
<ussw2cp(1)1cp(2)2cs(1)0,3cs(20,5rho(1)1rho(2)2-eps-converted-to.pdf, id=21, 12
05.50375pt x 651.43375pt>
File: ussw2cp(1)1cp(2)2cs(1)0,3cs(20,5rho(1)1rho(2)2-eps-converted-to.pdf Graph
ic file (type pdf)
<use ussw2cp(1)1cp(2)2cs(1)0,3cs(20,5rho(1)1rho(2)2-eps-converted-to.pdf>
Package pdftex.def Info: ussw2cp(1)1cp(2)2cs(1)0,3cs(20,5rho(1)1rho(2)2-eps-con
verted-to.pdf  used on input line 28.
(pdftex.def)             Requested size: 458.09619pt x 247.5474pt.

LaTeX Warning: `!h' float specifier changed to `!ht'.

Package epstopdf Info: Source file: <ussw5cp(1)1cp(2)2cs(1)0,3cs(20,5rho(1)1rho
(2)2.eps>
(epstopdf)                    date: 2022-12-06 12:49:15
(epstopdf)                    size: 116673 bytes
(epstopdf)             Output file: <ussw5cp(1)1cp(2)2cs(1)0,3cs(20,5rho(1)1rho
(2)2-eps-converted-to.pdf>
(epstopdf)                    date: 2022-12-06 12:49:56
(epstopdf)                    size: 50699 bytes
(epstopdf)             Command: <miktex-epstopdf --outfile=ussw5cp(1)1cp(2)2cs(
1)0,3cs(20,5rho(1)1rho(2)2-eps-converted-to.pdf ussw5cp(1)1cp(2)2cs(1)0,3cs(20,
5rho(1)1rho(2)2.eps>
(epstopdf)             \includegraphics on input line 30.
Package epstopdf Info: Output file is already uptodate.


pdfTeX warning: pdflatex.exe (file ./ussw5cp(1)1cp(2)2cs(1)0,3cs(20,5rho(1)1rho
(2)2-eps-converted-to.pdf): PDF inclusion: found PDF version <1.7>, but at most
 version <1.5> allowed
<ussw5cp(1)1cp(2)2cs(1)0,3cs(20,5rho(1)1rho(2)2-eps-converted-to.pdf, id=22, 11
99.48125pt x 651.43375pt>
File: ussw5cp(1)1cp(2)2cs(1)0,3cs(20,5rho(1)1rho(2)2-eps-converted-to.pdf Graph
ic file (type pdf)
<use ussw5cp(1)1cp(2)2cs(1)0,3cs(20,5rho(1)1rho(2)2-eps-converted-to.pdf>
Package pdftex.def Info: ussw5cp(1)1cp(2)2cs(1)0,3cs(20,5rho(1)1rho(2)2-eps-con
verted-to.pdf  used on input line 30.
(pdftex.def)             Requested size: 455.80762pt x 247.5474pt.

LaTeX Warning: `!h' float specifier changed to `!ht'.

Package epstopdf Info: Source file: <ussw10cp(1)1cp(2)2cs(1)0,3cs(20,5rho(1)1rh
o(2)2.eps>
(epstopdf)                    date: 2022-12-06 12:49:45
(epstopdf)                    size: 119979 bytes
(epstopdf)             Output file: <ussw10cp(1)1cp(2)2cs(1)0,3cs(20,5rho(1)1rh
o(2)2-eps-converted-to.pdf>
(epstopdf)                    date: 2022-12-06 12:49:58
(epstopdf)                    size: 53372 bytes
(epstopdf)             Command: <miktex-epstopdf --outfile=ussw10cp(1)1cp(2)2cs
(1)0,3cs(20,5rho(1)1rho(2)2-eps-converted-to.pdf ussw10cp(1)1cp(2)2cs(1)0,3cs(2
0,5rho(1)1rho(2)2.eps>
(epstopdf)             \includegraphics on input line 32.
Package epstopdf Info: Output file is already uptodate.


pdfTeX warning: pdflatex.exe (file ./ussw10cp(1)1cp(2)2cs(1)0,3cs(20,5rho(1)1rh
o(2)2-eps-converted-to.pdf): PDF inclusion: found PDF version <1.7>, but at mos
t version <1.5> allowed
<ussw10cp(1)1cp(2)2cs(1)0,3cs(20,5rho(1)1rho(2)2-eps-converted-to.pdf, id=23, 1
199.48125pt x 651.43375pt>
File: ussw10cp(1)1cp(2)2cs(1)0,3cs(20,5rho(1)1rho(2)2-eps-converted-to.pdf Grap
hic file (type pdf)
<use ussw10cp(1)1cp(2)2cs(1)0,3cs(20,5rho(1)1rho(2)2-eps-converted-to.pdf>
Package pdftex.def Info: ussw10cp(1)1cp(2)2cs(1)0,3cs(20,5rho(1)1rho(2)2-eps-co
nverted-to.pdf  used on input line 32.
(pdftex.def)             Requested size: 455.80762pt x 247.5474pt.

LaTeX Warning: `!h' float specifier changed to `!ht'.

) (plots2.tex
Package epstopdf Info: Source file: <uppw1cp(1)2cp(2)1cs(1)0,5cs(20,3rho(1)2rho
(2)1.eps>
(epstopdf)                    date: 2022-12-06 13:04:47
(epstopdf)                    size: 202081 bytes
(epstopdf)             Output file: <uppw1cp(1)2cp(2)1cs(1)0,5cs(20,3rho(1)2rho
(2)1-eps-converted-to.pdf>
(epstopdf)                    date: 2022-12-06 13:06:07
(epstopdf)                    size: 79795 bytes
(epstopdf)             Command: <miktex-epstopdf --outfile=uppw1cp(1)2cp(2)1cs(
1)0,5cs(20,3rho(1)2rho(2)1-eps-converted-to.pdf uppw1cp(1)2cp(2)1cs(1)0,5cs(20,
3rho(1)2rho(2)1.eps>
(epstopdf)             \includegraphics on input line 2.
Package epstopdf Info: Output file is already uptodate.


pdfTeX warning: pdflatex.exe (file ./uppw1cp(1)2cp(2)1cs(1)0,5cs(20,3rho(1)2rho
(2)1-eps-converted-to.pdf): PDF inclusion: found PDF version <1.7>, but at most
 version <1.5> allowed
<uppw1cp(1)2cp(2)1cs(1)0,5cs(20,3rho(1)2rho(2)1-eps-converted-to.pdf, id=24, 12
18.5525pt x 651.43375pt>
File: uppw1cp(1)2cp(2)1cs(1)0,5cs(20,3rho(1)2rho(2)1-eps-converted-to.pdf Graph
ic file (type pdf)
<use uppw1cp(1)2cp(2)1cs(1)0,5cs(20,3rho(1)2rho(2)1-eps-converted-to.pdf>
Package pdftex.def Info: uppw1cp(1)2cp(2)1cs(1)0,5cs(20,3rho(1)2rho(2)1-eps-con
verted-to.pdf  used on input line 2.
(pdftex.def)             Requested size: 463.05476pt x 247.5474pt.

LaTeX Warning: `!h' float specifier changed to `!ht'.

Package epstopdf Info: Source file: <uppw2cp(1)2cp(2)1cs(1)0,5cs(20,3rho(1)2rho
(2)1.eps>
(epstopdf)                    date: 2022-12-06 13:05:29
(epstopdf)                    size: 198358 bytes
(epstopdf)             Output file: <uppw2cp(1)2cp(2)1cs(1)0,5cs(20,3rho(1)2rho
(2)1-eps-converted-to.pdf>
(epstopdf)                    date: 2022-12-06 13:06:09
(epstopdf)                    size: 76284 bytes
(epstopdf)             Command: <miktex-epstopdf --outfile=uppw2cp(1)2cp(2)1cs(
1)0,5cs(20,3rho(1)2rho(2)1-eps-converted-to.pdf uppw2cp(1)2cp(2)1cs(1)0,5cs(20,
3rho(1)2rho(2)1.eps>
(epstopdf)             \includegraphics on input line 4.
Package epstopdf Info: Output file is already uptodate.


pdfTeX warning: pdflatex.exe (file ./uppw2cp(1)2cp(2)1cs(1)0,5cs(20,3rho(1)2rho
(2)1-eps-converted-to.pdf): PDF inclusion: found PDF version <1.7>, but at most
 version <1.5> allowed
<uppw2cp(1)2cp(2)1cs(1)0,5cs(20,3rho(1)2rho(2)1-eps-converted-to.pdf, id=25, 12
30.5975pt x 651.43375pt>
File: uppw2cp(1)2cp(2)1cs(1)0,5cs(20,3rho(1)2rho(2)1-eps-converted-to.pdf Graph
ic file (type pdf)
<use uppw2cp(1)2cp(2)1cs(1)0,5cs(20,3rho(1)2rho(2)1-eps-converted-to.pdf>
Package pdftex.def Info: uppw2cp(1)2cp(2)1cs(1)0,5cs(20,3rho(1)2rho(2)1-eps-con
verted-to.pdf  used on input line 4.
(pdftex.def)             Requested size: 467.63191pt x 247.5474pt.

LaTeX Warning: `!h' float specifier changed to `!ht'.

Package epstopdf Info: Source file: <uppw5cp(1)2cp(2)1cs(1)0,5cs(20,3rho(1)2rho
(2)1.eps>
(epstopdf)                    date: 2022-12-06 13:07:38
(epstopdf)                    size: 117117 bytes
(epstopdf)             Output file: <uppw5cp(1)2cp(2)1cs(1)0,5cs(20,3rho(1)2rho
(2)1-eps-converted-to.pdf>
(epstopdf)                    date: 2022-12-06 13:08:11
(epstopdf)                    size: 50946 bytes
(epstopdf)             Command: <miktex-epstopdf --outfile=uppw5cp(1)2cp(2)1cs(
1)0,5cs(20,3rho(1)2rho(2)1-eps-converted-to.pdf uppw5cp(1)2cp(2)1cs(1)0,5cs(20,
3rho(1)2rho(2)1.eps>
(epstopdf)             \includegraphics on input line 6.
Package epstopdf Info: Output file is already uptodate.


pdfTeX warning: pdflatex.exe (file ./uppw5cp(1)2cp(2)1cs(1)0,5cs(20,3rho(1)2rho
(2)1-eps-converted-to.pdf): PDF inclusion: found PDF version <1.7>, but at most
 version <1.5> allowed
<uppw5cp(1)2cp(2)1cs(1)0,5cs(20,3rho(1)2rho(2)1-eps-converted-to.pdf, id=26, 12
24.575pt x 672.5125pt>
File: uppw5cp(1)2cp(2)1cs(1)0,5cs(20,3rho(1)2rho(2)1-eps-converted-to.pdf Graph
ic file (type pdf)
<use uppw5cp(1)2cp(2)1cs(1)0,5cs(20,3rho(1)2rho(2)1-eps-converted-to.pdf>
Package pdftex.def Info: uppw5cp(1)2cp(2)1cs(1)0,5cs(20,3rho(1)2rho(2)1-eps-con
verted-to.pdf  used on input line 6.
(pdftex.def)             Requested size: 465.34334pt x 255.5574pt.

LaTeX Warning: `!h' float specifier changed to `!ht'.

Package epstopdf Info: Source file: <uppw10cp(1)2cp(2)1cs(1)0,5cs(20,3rho(1)2rh
o(2)1.eps>
(epstopdf)                    date: 2022-12-06 13:09:55
(epstopdf)                    size: 121650 bytes
(epstopdf)             Output file: <uppw10cp(1)2cp(2)1cs(1)0,5cs(20,3rho(1)2rh
o(2)1-eps-converted-to.pdf>
(epstopdf)                    date: 2022-12-06 13:10:11
(epstopdf)                    size: 54062 bytes
(epstopdf)             Command: <miktex-epstopdf --outfile=uppw10cp(1)2cp(2)1cs
(1)0,5cs(20,3rho(1)2rho(2)1-eps-converted-to.pdf uppw10cp(1)2cp(2)1cs(1)0,5cs(2
0,3rho(1)2rho(2)1.eps>
(epstopdf)             \includegraphics on input line 8.
Package epstopdf Info: Output file is already uptodate.


pdfTeX warning: pdflatex.exe (file ./uppw10cp(1)2cp(2)1cs(1)0,5cs(20,3rho(1)2rh
o(2)1-eps-converted-to.pdf): PDF inclusion: found PDF version <1.7>, but at mos
t version <1.5> allowed
<uppw10cp(1)2cp(2)1cs(1)0,5cs(20,3rho(1)2rho(2)1-eps-converted-to.pdf, id=27, 1
224.575pt x 672.5125pt>
File: uppw10cp(1)2cp(2)1cs(1)0,5cs(20,3rho(1)2rho(2)1-eps-converted-to.pdf Grap
hic file (type pdf)
<use uppw10cp(1)2cp(2)1cs(1)0,5cs(20,3rho(1)2rho(2)1-eps-converted-to.pdf>
Package pdftex.def Info: uppw10cp(1)2cp(2)1cs(1)0,5cs(20,3rho(1)2rho(2)1-eps-co
nverted-to.pdf  used on input line 8.
(pdftex.def)             Requested size: 465.34334pt x 255.5574pt.

LaTeX Warning: `!h' float specifier changed to `!ht'.

Package epstopdf Info: Source file: <upsw1cp(1)2cp(2)1cs(1)0,5cs(20,3rho(1)2rho
(2)1.eps>
(epstopdf)                    date: 2022-12-06 13:12:59
(epstopdf)                    size: 201965 bytes
(epstopdf)             Output file: <upsw1cp(1)2cp(2)1cs(1)0,5cs(20,3rho(1)2rho
(2)1-eps-converted-to.pdf>
(epstopdf)                    date: 2022-12-06 13:17:35
(epstopdf)                    size: 74737 bytes
(epstopdf)             Command: <miktex-epstopdf --outfile=upsw1cp(1)2cp(2)1cs(
1)0,5cs(20,3rho(1)2rho(2)1-eps-converted-to.pdf upsw1cp(1)2cp(2)1cs(1)0,5cs(20,
3rho(1)2rho(2)1.eps>
(epstopdf)             \includegraphics on input line 10.
Package epstopdf Info: Output file is already uptodate.


pdfTeX warning: pdflatex.exe (file ./upsw1cp(1)2cp(2)1cs(1)0,5cs(20,3rho(1)2rho
(2)1-eps-converted-to.pdf): PDF inclusion: found PDF version <1.7>, but at most
 version <1.5> allowed
<upsw1cp(1)2cp(2)1cs(1)0,5cs(20,3rho(1)2rho(2)1-eps-converted-to.pdf, id=28, 12
05.50375pt x 651.43375pt>
File: upsw1cp(1)2cp(2)1cs(1)0,5cs(20,3rho(1)2rho(2)1-eps-converted-to.pdf Graph
ic file (type pdf)
<use upsw1cp(1)2cp(2)1cs(1)0,5cs(20,3rho(1)2rho(2)1-eps-converted-to.pdf>
Package pdftex.def Info: upsw1cp(1)2cp(2)1cs(1)0,5cs(20,3rho(1)2rho(2)1-eps-con
verted-to.pdf  used on input line 10.
(pdftex.def)             Requested size: 458.09619pt x 247.5474pt.

LaTeX Warning: `!h' float specifier changed to `!ht'.

Package epstopdf Info: Source file: <upsw2cp(1)2cp(2)1cs(1)0,5cs(20,3rho(1)2rho
(2)1.eps>
(epstopdf)                    date: 2022-12-06 13:13:37
(epstopdf)                    size: 197408 bytes
(epstopdf)             Output file: <upsw2cp(1)2cp(2)1cs(1)0,5cs(20,3rho(1)2rho
(2)1-eps-converted-to.pdf>
(epstopdf)                    date: 2022-12-06 13:17:36
(epstopdf)                    size: 70101 bytes
(epstopdf)             Command: <miktex-epstopdf --outfile=upsw2cp(1)2cp(2)1cs(
1)0,5cs(20,3rho(1)2rho(2)1-eps-converted-to.pdf upsw2cp(1)2cp(2)1cs(1)0,5cs(20,
3rho(1)2rho(2)1.eps>
(epstopdf)             \includegraphics on input line 12.
Package epstopdf Info: Output file is already uptodate.


pdfTeX warning: pdflatex.exe (file ./upsw2cp(1)2cp(2)1cs(1)0,5cs(20,3rho(1)2rho
(2)1-eps-converted-to.pdf): PDF inclusion: found PDF version <1.7>, but at most
 version <1.5> allowed
<upsw2cp(1)2cp(2)1cs(1)0,5cs(20,3rho(1)2rho(2)1-eps-converted-to.pdf, id=29, 12
18.5525pt x 651.43375pt>
File: upsw2cp(1)2cp(2)1cs(1)0,5cs(20,3rho(1)2rho(2)1-eps-converted-to.pdf Graph
ic file (type pdf)
<use upsw2cp(1)2cp(2)1cs(1)0,5cs(20,3rho(1)2rho(2)1-eps-converted-to.pdf>
Package pdftex.def Info: upsw2cp(1)2cp(2)1cs(1)0,5cs(20,3rho(1)2rho(2)1-eps-con
verted-to.pdf  used on input line 12.
(pdftex.def)             Requested size: 463.05476pt x 247.5474pt.

LaTeX Warning: `!h' float specifier changed to `!ht'.

Package epstopdf Info: Source file: <upsw5cp(1)2cp(2)1cs(1)0,5cs(20,3rho(1)2rho
(2)1.eps>
(epstopdf)                    date: 2022-12-06 13:14:01
(epstopdf)                    size: 119241 bytes
(epstopdf)             Output file: <upsw5cp(1)2cp(2)1cs(1)0,5cs(20,3rho(1)2rho
(2)1-eps-converted-to.pdf>
(epstopdf)                    date: 2022-12-06 13:17:38
(epstopdf)                    size: 50738 bytes
(epstopdf)             Command: <miktex-epstopdf --outfile=upsw5cp(1)2cp(2)1cs(
1)0,5cs(20,3rho(1)2rho(2)1-eps-converted-to.pdf upsw5cp(1)2cp(2)1cs(1)0,5cs(20,
3rho(1)2rho(2)1.eps>
(epstopdf)             \includegraphics on input line 14.
Package epstopdf Info: Output file is already uptodate.


pdfTeX warning: pdflatex.exe (file ./upsw5cp(1)2cp(2)1cs(1)0,5cs(20,3rho(1)2rho
(2)1-eps-converted-to.pdf): PDF inclusion: found PDF version <1.7>, but at most
 version <1.5> allowed
<upsw5cp(1)2cp(2)1cs(1)0,5cs(20,3rho(1)2rho(2)1-eps-converted-to.pdf, id=30, 11
99.48125pt x 672.5125pt>
File: upsw5cp(1)2cp(2)1cs(1)0,5cs(20,3rho(1)2rho(2)1-eps-converted-to.pdf Graph
ic file (type pdf)
<use upsw5cp(1)2cp(2)1cs(1)0,5cs(20,3rho(1)2rho(2)1-eps-converted-to.pdf>
Package pdftex.def Info: upsw5cp(1)2cp(2)1cs(1)0,5cs(20,3rho(1)2rho(2)1-eps-con
verted-to.pdf  used on input line 14.
(pdftex.def)             Requested size: 455.80762pt x 255.5574pt.

LaTeX Warning: `!h' float specifier changed to `!ht'.

Package epstopdf Info: Source file: <upsw10cp(1)2cp(2)1cs(1)0,5cs(20,3rho(1)2rh
o(2)1.eps>
(epstopdf)                    date: 2022-12-06 13:14:22
(epstopdf)                    size: 122987 bytes
(epstopdf)             Output file: <upsw10cp(1)2cp(2)1cs(1)0,5cs(20,3rho(1)2rh
o(2)1-eps-converted-to.pdf>
(epstopdf)                    date: 2022-12-06 13:17:39
(epstopdf)                    size: 53845 bytes
(epstopdf)             Command: <miktex-epstopdf --outfile=upsw10cp(1)2cp(2)1cs
(1)0,5cs(20,3rho(1)2rho(2)1-eps-converted-to.pdf upsw10cp(1)2cp(2)1cs(1)0,5cs(2
0,3rho(1)2rho(2)1.eps>
(epstopdf)             \includegraphics on input line 16.
Package epstopdf Info: Output file is already uptodate.


pdfTeX warning: pdflatex.exe (file ./upsw10cp(1)2cp(2)1cs(1)0,5cs(20,3rho(1)2rh
o(2)1-eps-converted-to.pdf): PDF inclusion: found PDF version <1.7>, but at mos
t version <1.5> allowed
<upsw10cp(1)2cp(2)1cs(1)0,5cs(20,3rho(1)2rho(2)1-eps-converted-to.pdf, id=31, 1
181.41376pt x 672.5125pt>
File: upsw10cp(1)2cp(2)1cs(1)0,5cs(20,3rho(1)2rho(2)1-eps-converted-to.pdf Grap
hic file (type pdf)
<use upsw10cp(1)2cp(2)1cs(1)0,5cs(20,3rho(1)2rho(2)1-eps-converted-to.pdf>
Package pdftex.def Info: upsw10cp(1)2cp(2)1cs(1)0,5cs(20,3rho(1)2rho(2)1-eps-co
nverted-to.pdf  used on input line 16.
(pdftex.def)             Requested size: 448.9419pt x 255.5574pt.

LaTeX Warning: `!h' float specifier changed to `!ht'.

Package epstopdf Info: Source file: <uspw1cp(1)2cp(2)1cs(1)0,5cs(20,3rho(1)2rho
(2)1.eps>
(epstopdf)                    date: 2022-12-06 13:15:33
(epstopdf)                    size: 196188 bytes
(epstopdf)             Output file: <uspw1cp(1)2cp(2)1cs(1)0,5cs(20,3rho(1)2rho
(2)1-eps-converted-to.pdf>
(epstopdf)                    date: 2022-12-06 13:17:41
(epstopdf)                    size: 75304 bytes
(epstopdf)             Command: <miktex-epstopdf --outfile=uspw1cp(1)2cp(2)1cs(
1)0,5cs(20,3rho(1)2rho(2)1-eps-converted-to.pdf uspw1cp(1)2cp(2)1cs(1)0,5cs(20,
3rho(1)2rho(2)1.eps>
(epstopdf)             \includegraphics on input line 18.
Package epstopdf Info: Output file is already uptodate.


pdfTeX warning: pdflatex.exe (file ./uspw1cp(1)2cp(2)1cs(1)0,5cs(20,3rho(1)2rho
(2)1-eps-converted-to.pdf): PDF inclusion: found PDF version <1.7>, but at most
 version <1.5> allowed
<uspw1cp(1)2cp(2)1cs(1)0,5cs(20,3rho(1)2rho(2)1-eps-converted-to.pdf, id=32, 12
05.50375pt x 645.41125pt>
File: uspw1cp(1)2cp(2)1cs(1)0,5cs(20,3rho(1)2rho(2)1-eps-converted-to.pdf Graph
ic file (type pdf)
<use uspw1cp(1)2cp(2)1cs(1)0,5cs(20,3rho(1)2rho(2)1-eps-converted-to.pdf>
Package pdftex.def Info: uspw1cp(1)2cp(2)1cs(1)0,5cs(20,3rho(1)2rho(2)1-eps-con
verted-to.pdf  used on input line 18.
(pdftex.def)             Requested size: 458.09619pt x 245.25882pt.

LaTeX Warning: `!h' float specifier changed to `!ht'.

Package epstopdf Info: Source file: <uspw2cp(1)2cp(2)1cs(1)0,5cs(20,3rho(1)2rho
(2)1.eps>
(epstopdf)                    date: 2022-12-06 13:16:27
(epstopdf)                    size: 195099 bytes
(epstopdf)             Output file: <uspw2cp(1)2cp(2)1cs(1)0,5cs(20,3rho(1)2rho
(2)1-eps-converted-to.pdf>
(epstopdf)                    date: 2022-12-06 13:17:42
(epstopdf)                    size: 70531 bytes
(epstopdf)             Command: <miktex-epstopdf --outfile=uspw2cp(1)2cp(2)1cs(
1)0,5cs(20,3rho(1)2rho(2)1-eps-converted-to.pdf uspw2cp(1)2cp(2)1cs(1)0,5cs(20,
3rho(1)2rho(2)1.eps>
(epstopdf)             \includegraphics on input line 20.
Package epstopdf Info: Output file is already uptodate.


pdfTeX warning: pdflatex.exe (file ./uspw2cp(1)2cp(2)1cs(1)0,5cs(20,3rho(1)2rho
(2)1-eps-converted-to.pdf): PDF inclusion: found PDF version <1.7>, but at most
 version <1.5> allowed
<uspw2cp(1)2cp(2)1cs(1)0,5cs(20,3rho(1)2rho(2)1-eps-converted-to.pdf, id=33, 12
30.5975pt x 651.43375pt>
File: uspw2cp(1)2cp(2)1cs(1)0,5cs(20,3rho(1)2rho(2)1-eps-converted-to.pdf Graph
ic file (type pdf)
<use uspw2cp(1)2cp(2)1cs(1)0,5cs(20,3rho(1)2rho(2)1-eps-converted-to.pdf>
Package pdftex.def Info: uspw2cp(1)2cp(2)1cs(1)0,5cs(20,3rho(1)2rho(2)1-eps-con
verted-to.pdf  used on input line 20.
(pdftex.def)             Requested size: 467.63191pt x 247.5474pt.

LaTeX Warning: `!h' float specifier changed to `!ht'.

Package epstopdf Info: Source file: <uspw5cp(1)2cp(2)1cs(1)0,5cs(20,3rho(1)2rho
(2)1.eps>
(epstopdf)                    date: 2022-12-06 13:16:59
(epstopdf)                    size: 118659 bytes
(epstopdf)             Output file: <uspw5cp(1)2cp(2)1cs(1)0,5cs(20,3rho(1)2rho
(2)1-eps-converted-to.pdf>
(epstopdf)                    date: 2022-12-06 13:17:43
(epstopdf)                    size: 51194 bytes
(epstopdf)             Command: <miktex-epstopdf --outfile=uspw5cp(1)2cp(2)1cs(
1)0,5cs(20,3rho(1)2rho(2)1-eps-converted-to.pdf uspw5cp(1)2cp(2)1cs(1)0,5cs(20,
3rho(1)2rho(2)1.eps>
(epstopdf)             \includegraphics on input line 22.
Package epstopdf Info: Output file is already uptodate.


pdfTeX warning: pdflatex.exe (file ./uspw5cp(1)2cp(2)1cs(1)0,5cs(20,3rho(1)2rho
(2)1-eps-converted-to.pdf): PDF inclusion: found PDF version <1.7>, but at most
 version <1.5> allowed
<uspw5cp(1)2cp(2)1cs(1)0,5cs(20,3rho(1)2rho(2)1-eps-converted-to.pdf, id=34, 11
99.48125pt x 672.5125pt>
File: uspw5cp(1)2cp(2)1cs(1)0,5cs(20,3rho(1)2rho(2)1-eps-converted-to.pdf Graph
ic file (type pdf)
<use uspw5cp(1)2cp(2)1cs(1)0,5cs(20,3rho(1)2rho(2)1-eps-converted-to.pdf>
Package pdftex.def Info: uspw5cp(1)2cp(2)1cs(1)0,5cs(20,3rho(1)2rho(2)1-eps-con
verted-to.pdf  used on input line 22.
(pdftex.def)             Requested size: 455.80762pt x 255.5574pt.

LaTeX Warning: `!h' float specifier changed to `!ht'.

Package epstopdf Info: Source file: <uspw10cp(1)2cp(2)1cs(1)0,5cs(20,3rho(1)2rh
o(2)1.eps>
(epstopdf)                    date: 2022-12-06 13:17:26
(epstopdf)                    size: 121779 bytes
(epstopdf)             Output file: <uspw10cp(1)2cp(2)1cs(1)0,5cs(20,3rho(1)2rh
o(2)1-eps-converted-to.pdf>
(epstopdf)                    date: 2022-12-06 13:17:45
(epstopdf)                    size: 53882 bytes
(epstopdf)             Command: <miktex-epstopdf --outfile=uspw10cp(1)2cp(2)1cs
(1)0,5cs(20,3rho(1)2rho(2)1-eps-converted-to.pdf uspw10cp(1)2cp(2)1cs(1)0,5cs(2
0,3rho(1)2rho(2)1.eps>
(epstopdf)             \includegraphics on input line 24.
Package epstopdf Info: Output file is already uptodate.


pdfTeX warning: pdflatex.exe (file ./uspw10cp(1)2cp(2)1cs(1)0,5cs(20,3rho(1)2rh
o(2)1-eps-converted-to.pdf): PDF inclusion: found PDF version <1.7>, but at mos
t version <1.5> allowed
<uspw10cp(1)2cp(2)1cs(1)0,5cs(20,3rho(1)2rho(2)1-eps-converted-to.pdf, id=35, 1
181.41376pt x 672.5125pt>
File: uspw10cp(1)2cp(2)1cs(1)0,5cs(20,3rho(1)2rho(2)1-eps-converted-to.pdf Grap
hic file (type pdf)
<use uspw10cp(1)2cp(2)1cs(1)0,5cs(20,3rho(1)2rho(2)1-eps-converted-to.pdf>
Package pdftex.def Info: uspw10cp(1)2cp(2)1cs(1)0,5cs(20,3rho(1)2rho(2)1-eps-co
nverted-to.pdf  used on input line 24.
(pdftex.def)             Requested size: 448.9419pt x 255.5574pt.

LaTeX Warning: `!h' float specifier changed to `!ht'.

Package epstopdf Info: Source file: <ussw1cp(1)2cp(2)1cs(1)0,5cs(20,3rho(1)2rho
(2)1.eps>
(epstopdf)                    date: 2022-12-06 13:23:58
(epstopdf)                    size: 201275 bytes
(epstopdf)             Output file: <ussw1cp(1)2cp(2)1cs(1)0,5cs(20,3rho(1)2rho
(2)1-eps-converted-to.pdf>
(epstopdf)                    date: 2022-12-06 13:26:06
(epstopdf)                    size: 79324 bytes
(epstopdf)             Command: <miktex-epstopdf --outfile=ussw1cp(1)2cp(2)1cs(
1)0,5cs(20,3rho(1)2rho(2)1-eps-converted-to.pdf ussw1cp(1)2cp(2)1cs(1)0,5cs(20,
3rho(1)2rho(2)1.eps>
(epstopdf)             \includegraphics on input line 26.
Package epstopdf Info: Output file is already uptodate.


pdfTeX warning: pdflatex.exe (file ./ussw1cp(1)2cp(2)1cs(1)0,5cs(20,3rho(1)2rho
(2)1-eps-converted-to.pdf): PDF inclusion: found PDF version <1.7>, but at most
 version <1.5> allowed
<ussw1cp(1)2cp(2)1cs(1)0,5cs(20,3rho(1)2rho(2)1-eps-converted-to.pdf, id=36, 11
87.43625pt x 651.43375pt>
File: ussw1cp(1)2cp(2)1cs(1)0,5cs(20,3rho(1)2rho(2)1-eps-converted-to.pdf Graph
ic file (type pdf)
<use ussw1cp(1)2cp(2)1cs(1)0,5cs(20,3rho(1)2rho(2)1-eps-converted-to.pdf>
Package pdftex.def Info: ussw1cp(1)2cp(2)1cs(1)0,5cs(20,3rho(1)2rho(2)1-eps-con
verted-to.pdf  used on input line 26.
(pdftex.def)             Requested size: 451.23047pt x 247.5474pt.

LaTeX Warning: `!h' float specifier changed to `!ht'.

Package epstopdf Info: Source file: <ussw2cp(1)2cp(2)1cs(1)0,5cs(20,3rho(1)2rho
(2)1.eps>
(epstopdf)                    date: 2022-12-06 13:24:37
(epstopdf)                    size: 197015 bytes
(epstopdf)             Output file: <ussw2cp(1)2cp(2)1cs(1)0,5cs(20,3rho(1)2rho
(2)1-eps-converted-to.pdf>
(epstopdf)                    date: 2022-12-06 13:26:08
(epstopdf)                    size: 74079 bytes
(epstopdf)             Command: <miktex-epstopdf --outfile=ussw2cp(1)2cp(2)1cs(
1)0,5cs(20,3rho(1)2rho(2)1-eps-converted-to.pdf ussw2cp(1)2cp(2)1cs(1)0,5cs(20,
3rho(1)2rho(2)1.eps>
(epstopdf)             \includegraphics on input line 28.
Package epstopdf Info: Output file is already uptodate.


pdfTeX warning: pdflatex.exe (file ./ussw2cp(1)2cp(2)1cs(1)0,5cs(20,3rho(1)2rho
(2)1-eps-converted-to.pdf): PDF inclusion: found PDF version <1.7>, but at most
 version <1.5> allowed
<ussw2cp(1)2cp(2)1cs(1)0,5cs(20,3rho(1)2rho(2)1-eps-converted-to.pdf, id=37, 12
05.50375pt x 651.43375pt>
File: ussw2cp(1)2cp(2)1cs(1)0,5cs(20,3rho(1)2rho(2)1-eps-converted-to.pdf Graph
ic file (type pdf)
<use ussw2cp(1)2cp(2)1cs(1)0,5cs(20,3rho(1)2rho(2)1-eps-converted-to.pdf>
Package pdftex.def Info: ussw2cp(1)2cp(2)1cs(1)0,5cs(20,3rho(1)2rho(2)1-eps-con
verted-to.pdf  used on input line 28.
(pdftex.def)             Requested size: 458.09619pt x 247.5474pt.

LaTeX Warning: `!h' float specifier changed to `!ht'.

Package epstopdf Info: Source file: <ussw5cp(1)2cp(2)1cs(1)0,5cs(20,3rho(1)2rho
(2)1.eps>
(epstopdf)                    date: 2022-12-06 13:25:31
(epstopdf)                    size: 116644 bytes
(epstopdf)             Output file: <ussw5cp(1)2cp(2)1cs(1)0,5cs(20,3rho(1)2rho
(2)1-eps-converted-to.pdf>
(epstopdf)                    date: 2022-12-06 13:26:09
(epstopdf)                    size: 51218 bytes
(epstopdf)             Command: <miktex-epstopdf --outfile=ussw5cp(1)2cp(2)1cs(
1)0,5cs(20,3rho(1)2rho(2)1-eps-converted-to.pdf ussw5cp(1)2cp(2)1cs(1)0,5cs(20,
3rho(1)2rho(2)1.eps>
(epstopdf)             \includegraphics on input line 30.
Package epstopdf Info: Output file is already uptodate.


pdfTeX warning: pdflatex.exe (file ./ussw5cp(1)2cp(2)1cs(1)0,5cs(20,3rho(1)2rho
(2)1-eps-converted-to.pdf): PDF inclusion: found PDF version <1.7>, but at most
 version <1.5> allowed
<ussw5cp(1)2cp(2)1cs(1)0,5cs(20,3rho(1)2rho(2)1-eps-converted-to.pdf, id=38, 12
12.53pt x 651.43375pt>
File: ussw5cp(1)2cp(2)1cs(1)0,5cs(20,3rho(1)2rho(2)1-eps-converted-to.pdf Graph
ic file (type pdf)
<use ussw5cp(1)2cp(2)1cs(1)0,5cs(20,3rho(1)2rho(2)1-eps-converted-to.pdf>
Package pdftex.def Info: ussw5cp(1)2cp(2)1cs(1)0,5cs(20,3rho(1)2rho(2)1-eps-con
verted-to.pdf  used on input line 30.
(pdftex.def)             Requested size: 460.76619pt x 247.5474pt.

LaTeX Warning: `!h' float specifier changed to `!ht'.

Package epstopdf Info: Source file: <ussw10cp(1)2cp(2)1cs(1)0,5cs(20,3rho(1)2rh
o(2)1.eps>
(epstopdf)                    date: 2022-12-06 13:25:56
(epstopdf)                    size: 119949 bytes
(epstopdf)             Output file: <ussw10cp(1)2cp(2)1cs(1)0,5cs(20,3rho(1)2rh
o(2)1-eps-converted-to.pdf>
(epstopdf)                    date: 2022-12-06 13:26:10
(epstopdf)                    size: 53979 bytes
(epstopdf)             Command: <miktex-epstopdf --outfile=ussw10cp(1)2cp(2)1cs
(1)0,5cs(20,3rho(1)2rho(2)1-eps-converted-to.pdf ussw10cp(1)2cp(2)1cs(1)0,5cs(2
0,3rho(1)2rho(2)1.eps>
(epstopdf)             \includegraphics on input line 32.
Package epstopdf Info: Output file is already uptodate.


pdfTeX warning: pdflatex.exe (file ./ussw10cp(1)2cp(2)1cs(1)0,5cs(20,3rho(1)2rh
o(2)1-eps-converted-to.pdf): PDF inclusion: found PDF version <1.7>, but at mos
t version <1.5> allowed
<ussw10cp(1)2cp(2)1cs(1)0,5cs(20,3rho(1)2rho(2)1-eps-converted-to.pdf, id=39, 1
212.53pt x 651.43375pt>
File: ussw10cp(1)2cp(2)1cs(1)0,5cs(20,3rho(1)2rho(2)1-eps-converted-to.pdf Grap
hic file (type pdf)
<use ussw10cp(1)2cp(2)1cs(1)0,5cs(20,3rho(1)2rho(2)1-eps-converted-to.pdf>
Package pdftex.def Info: ussw10cp(1)2cp(2)1cs(1)0,5cs(20,3rho(1)2rho(2)1-eps-co
nverted-to.pdf  used on input line 32.
(pdftex.def)             Requested size: 460.76619pt x 247.5474pt.

LaTeX Warning: `!h' float specifier changed to `!ht'.

) [1{C:/Users/tiama/AppData/Local/MiKTeX/pdftex/config/pdftex.map}

 <./uppw1cp(1)1cp(2)2cs(1)0,3cs(20,5rho(1)1rho(2)2-eps-converted-to.pdf> <./upp
w2cp(1)1cp(2)2cs(1)0,3cs(20,5rho(1)1rho(2)2-eps-converted-to.pdf>] [2 <./uppw5c
p(1)1cp(2)2cs(1)0,3cs(20,5rho(1)1rho(2)2-eps-converted-to.pdf> <./uppw10cp(1)1c
p(2)2cs(1)0,3cs(20,5rho(1)1rho(2)2-eps-converted-to.pdf>] [3 <./upsw1cp(1)1cp(2
)2cs(1)0,3cs(20,5rho(1)1rho(2)2-eps-converted-to.pdf> <./upsw2cp(1)1cp(2)2cs(1)
0,3cs(20,5rho(1)1rho(2)2-eps-converted-to.pdf>] [4 <./upsw5cp(1)1cp(2)2cs(1)0,3
cs(20,5rho(1)1rho(2)2-eps-converted-to.pdf> <./upsw10cp(1)1cp(2)2cs(1)0,3cs(20,
5rho(1)1rho(2)2-eps-converted-to.pdf>] [5 <./uspw1cp(1)1cp(2)2cs(1)0,3cs(20,5rh
o(1)1rho(2)2-eps-converted-to.pdf> <./uspw2cp(1)1cp(2)2cs(1)0,3cs(20,5rho(1)1rh
o(2)2-eps-converted-to.pdf>] [6 <./uspw5cp(1)1cp(2)2cs(1)0,3cs(20,5rho(1)1rho(2
)2-eps-converted-to.pdf> <./uspw10cp(1)1cp(2)2cs(1)0,3cs(20,5rho(1)1rho(2)2-eps
-converted-to.pdf>] [7 <./ussw1cp(1)1cp(2)2cs(1)0,3cs(20,5rho(1)1rho(2)2-eps-co
nverted-to.pdf> <./ussw2cp(1)1cp(2)2cs(1)0,3cs(20,5rho(1)1rho(2)2-eps-converted
-to.pdf>]
[8 <./ussw5cp(1)1cp(2)2cs(1)0,3cs(20,5rho(1)1rho(2)2-eps-converted-to.pdf> <./u
ssw10cp(1)1cp(2)2cs(1)0,3cs(20,5rho(1)1rho(2)2-eps-converted-to.pdf>] [9 <./upp
w1cp(1)2cp(2)1cs(1)0,5cs(20,3rho(1)2rho(2)1-eps-converted-to.pdf> <./uppw2cp(1)
2cp(2)1cs(1)0,5cs(20,3rho(1)2rho(2)1-eps-converted-to.pdf>] [10 <./uppw5cp(1)2c
p(2)1cs(1)0,5cs(20,3rho(1)2rho(2)1-eps-converted-to.pdf> <./uppw10cp(1)2cp(2)1c
s(1)0,5cs(20,3rho(1)2rho(2)1-eps-converted-to.pdf>] [11 <./upsw1cp(1)2cp(2)1cs(
1)0,5cs(20,3rho(1)2rho(2)1-eps-converted-to.pdf> <./upsw2cp(1)2cp(2)1cs(1)0,5cs
(20,3rho(1)2rho(2)1-eps-converted-to.pdf>] [12 <./upsw5cp(1)2cp(2)1cs(1)0,5cs(2
0,3rho(1)2rho(2)1-eps-converted-to.pdf> <./upsw10cp(1)2cp(2)1cs(1)0,5cs(20,3rho
(1)2rho(2)1-eps-converted-to.pdf>] [13 <./uspw1cp(1)2cp(2)1cs(1)0,5cs(20,3rho(1
)2rho(2)1-eps-converted-to.pdf> <./uspw2cp(1)2cp(2)1cs(1)0,5cs(20,3rho(1)2rho(2
)1-eps-converted-to.pdf>] [14 <./uspw5cp(1)2cp(2)1cs(1)0,5cs(20,3rho(1)2rho(2)1
-eps-converted-to.pdf> <./uspw10cp(1)2cp(2)1cs(1)0,5cs(20,3rho(1)2rho(2)1-eps-c
onverted-to.pdf>] [15 <./ussw1cp(1)2cp(2)1cs(1)0,5cs(20,3rho(1)2rho(2)1-eps-con
verted-to.pdf> <./ussw2cp(1)2cp(2)1cs(1)0,5cs(20,3rho(1)2rho(2)1-eps-converted-
to.pdf>] [16 <./ussw5cp(1)2cp(2)1cs(1)0,5cs(20,3rho(1)2rho(2)1-eps-converted-to
.pdf> <./ussw10cp(1)2cp(2)1cs(1)0,5cs(20,3rho(1)2rho(2)1-eps-converted-to.pdf>]
(report1.aux)

LaTeX Font Warning: Some font shapes were not available, defaults substituted.

Package rerunfilecheck Info: File `report1.out' has not changed.
(rerunfilecheck)             Checksum: D41D8CD98F00B204E9800998ECF8427E;0.
 ) 
Here is how much of TeX's memory you used:
 14034 strings out of 478927
 210163 string characters out of 2862391
 551797 words of memory out of 3000000
 31573 multiletter control sequences out of 15000+600000
 415478 words of font info for 61 fonts, out of 8000000 for 9000
 1141 hyphenation exceptions out of 8191
 60i,7n,66p,1422b,350s stack positions out of 5000i,500n,10000p,200000b,80000s
 <C:\Users\tiama\AppData\Local\MiKTeX\fonts/pk/ljfour/lh/lh-t2a/dpi600\labx20
74.pk> <C:\Users\tiama\AppData\Local\MiKTeX\fonts/pk/ljfour/lh/lh-t2a/dpi600\la
rm1440.pk><C:/Program Files/MiKTeX/fonts/type1/public/amsfonts/cm/cmmi10.pfb><C
:/Program Files/MiKTeX/fonts/type1/public/amsfonts/cm/cmmi12.pfb><C:/Program Fi
les/MiKTeX/fonts/type1/public/amsfonts/cm/cmmib10.pfb><C:/Program Files/MiKTeX/
fonts/type1/public/amsfonts/cm/cmr10.pfb><C:/Program Files/MiKTeX/fonts/type1/p
ublic/amsfonts/cm/cmr12.pfb>
Output written on report1.pdf (16 pages, 2072748 bytes).
PDF statistics:
 359 PDF objects out of 1000 (max. 8388607)
 18 named destinations out of 1000 (max. 500000)
 181 words of extra memory for PDF output out of 10000 (max. 10000000)

